
 [start] - Fri Sep 20 10:35:34 MST 2019 - started the server!
 [kill] - Fri Sep 20 10:56:33 MST 2019 - killing process gracefully!
 [kill] - Fri Sep 20 10:56:35 MST 2019 - killing process forcefully!
 [start] - Fri Sep 20 10:56:35 MST 2019 - started the server!
 [kill] - Fri Sep 20 11:16:06 MST 2019 - killing process gracefully!
 [kill] - Fri Sep 20 11:16:08 MST 2019 - killing process forcefully!
 [start] - Fri Sep 20 11:16:08 MST 2019 - started the server!
 [kill] - Fri Sep 20 11:27:16 MST 2019 - killing process gracefully!
 [kill] - Fri Sep 20 11:27:18 MST 2019 - killing process forcefully!
 [start] - Fri Sep 20 11:27:18 MST 2019 - started the server!
 [kill] - Fri Sep 20 11:31:21 MST 2019 - killing process gracefully!
 [kill] - Fri Sep 20 11:31:23 MST 2019 - killing process forcefully!
 [start] - Fri Sep 20 11:31:23 MST 2019 - started the server!
 [kill] - Fri Sep 20 11:34:35 MST 2019 - killing process gracefully!
 [kill] - Fri Sep 20 11:34:37 MST 2019 - killing process forcefully!
 [start] - Fri Sep 20 11:34:37 MST 2019 - started the server!
 [kill] - Fri Sep 20 11:36:43 MST 2019 - killing process gracefully!
 [kill] - Fri Sep 20 11:36:45 MST 2019 - killing process forcefully!
 [start] - Fri Sep 20 11:36:45 MST 2019 - started the server!
 [kill] - Fri Sep 20 11:38:31 MST 2019 - killing process gracefully!
 [kill] - Fri Sep 20 11:38:33 MST 2019 - killing process forcefully!
 [start] - Fri Sep 20 11:38:33 MST 2019 - started the server!
 [kill] - Fri Sep 20 11:39:07 MST 2019 - killing process gracefully!
 [kill] - Fri Sep 20 11:39:10 MST 2019 - killing process forcefully!
 [start] - Fri Sep 20 11:39:10 MST 2019 - started the server!
 [kill] - Fri Sep 20 11:40:49 MST 2019 - killing process gracefully!
 [kill] - Fri Sep 20 11:40:51 MST 2019 - killing process forcefully!
 [start] - Fri Sep 20 11:40:51 MST 2019 - started the server!
 [kill] - Fri Sep 20 11:41:20 MST 2019 - killing process gracefully!
 [kill] - Fri Sep 20 11:41:22 MST 2019 - killing process forcefully!
 [start] - Fri Sep 20 11:42:06 MST 2019 - started the server!
 [kill] - Fri Sep 20 11:49:40 MST 2019 - killing process gracefully!
 [kill] - Fri Sep 20 11:49:42 MST 2019 - killing process forcefully!
 [start] - Fri Sep 20 11:49:42 MST 2019 - started the server!
 [kill] - Sat Sep 21 15:48:56 MST 2019 - killing process gracefully!
 [kill] - Sat Sep 21 15:48:58 MST 2019 - killing process forcefully!
 [start] - Sat Sep 21 15:48:58 MST 2019 - started the server!
 [kill] - Sat Sep 21 15:54:23 MST 2019 - killing process gracefully!
 [kill] - Sat Sep 21 15:54:25 MST 2019 - killing process forcefully!
 [start] - Sat Sep 21 15:54:25 MST 2019 - started the server!
 [kill] - Sat Sep 21 15:55:39 MST 2019 - killing process gracefully!
 [kill] - Sat Sep 21 15:55:41 MST 2019 - killing process forcefully!
 [start] - Sat Sep 21 15:55:41 MST 2019 - started the server!
 [kill] - Sat Sep 21 16:10:22 MST 2019 - killing process gracefully!
 [kill] - Sat Sep 21 16:10:24 MST 2019 - killing process forcefully!
 [start] - Sat Sep 21 16:10:24 MST 2019 - started the server!
 [kill] - Mon Sep 23 18:08:29 MST 2019 - killing process gracefully!
 [kill] - Mon Sep 23 18:08:31 MST 2019 - killing process forcefully!
 [start] - Mon Sep 23 18:08:32 MST 2019 - started the server!
 [kill] - Mon Sep 23 18:21:49 MST 2019 - killing process gracefully!
 [kill] - Mon Sep 23 18:21:51 MST 2019 - killing process forcefully!
 [start] - Mon Sep 23 18:21:51 MST 2019 - started the server!
 [kill] - Mon Sep 23 18:30:22 MST 2019 - killing process gracefully!
 [kill] - Mon Sep 23 18:30:24 MST 2019 - killing process forcefully!
 [start] - Mon Sep 23 18:30:24 MST 2019 - started the server!
 [kill] - Mon Sep 23 18:50:12 MST 2019 - killing process gracefully!
 [kill] - Mon Sep 23 18:50:14 MST 2019 - killing process forcefully!