2019-09-20 10:35:36,686 [INFO] from akka.event.slf4j.Slf4jLogger in application-akka.actor.default-dispatcher-3 - Slf4jLogger started
2019-09-20 10:35:36,883 [INFO] from com.jpro.activity in Thread-0 - Starting the server
2019-09-20 10:35:36,883 [INFO] from com.jpro.internal.server.Initializer$ in Thread-0 -  *** Starting JPro: https://www.jpro.one/ ***
2019-09-20 10:35:36,883 [INFO] from com.jpro.internal.server.Initializer$ in Thread-0 - OS: Mac OS X
2019-09-20 10:35:36,892 [INFO] from com.jpro.internal.server.Initializer$ in Thread-0 - JPro: 2019.1.2
2019-09-20 10:35:36,892 [INFO] from com.jpro.internal.server.Initializer$ in Thread-0 - Java version: 1.8.0_211
2019-09-20 10:35:36,892 [INFO] from com.jpro.internal.server.Initializer$ in Thread-0 - JVM: 1.8.0_211 Oracle Corporation
2019-09-20 10:35:36,910 [INFO] from com.jpro.internal.server.Initializer$ in Thread-0 - redirected OUT / ERR
2019-09-20 10:35:36,910 [INFO] from com.jpro.internal.server.Initializer$ in Thread-0 - installed SLF4JBridge
2019-09-20 10:35:36,926 [INFO] from com.jpro.internal.server.MonocleInitializer$ in Thread-0 - screen: null
2019-09-20 10:35:37,264 [INFO] from com.jpro.internal.server.Initializer$ in Thread-0 - finished init!
2019-09-20 10:35:37,284 [INFO] from com.jpro.internal.server.Initializer$ in JavaFX Application Thread - JavaFX version: 8.0.211-b10
2019-09-20 10:35:37,307 [INFO] from com.jpro.internal.chart.model.DynamicDataModel in JavaFX Application Thread - Started Monitoring chart data...
2019-09-20 10:35:37,347 [INFO] from com.jpro.internal.chart.model.ChartJSONImExporter in JavaFX Application Thread - Nothing to import
2019-09-20 10:35:37,547 [INFO] from play.api.Play in Thread-0 - Application started (Prod)
2019-09-20 10:35:38,078 [INFO] from play.core.server.AkkaHttpServer in Thread-0 - Listening for HTTP on /0:0:0:0:0:0:0:0:8080
2019-09-20 10:35:40,136 [INFO] from controllers.jpro in application-akka.actor.default-dispatcher-3 - application requested: 0!default
2019-09-20 10:35:40,147 [INFO] from controllers.jpro in application-akka.actor.default-dispatcher-3 - Creating Application: 0!default
2019-09-20 10:35:40,150 [INFO] from controllers.jpro in application-akka.actor.default-dispatcher-3 - remoteAddress 0:0:0:0:0:0:0:1
2019-09-20 10:35:40,150 [INFO] from controllers.jpro in application-akka.actor.default-dispatcher-3 - host          localhost:8080
2019-09-20 10:35:40,150 [INFO] from controllers.jpro in application-akka.actor.default-dispatcher-3 - uri           /app/0!default
2019-09-20 10:35:41,142 [INFO] from com.jpro.internal.server.ViewSerializerActor in JavaFX Application Thread - appdef: AppByMain(default,view.Spike1View,None,NamedClassLoader(system),false) clientinfo: ClientInfo(http://localhost:8080/,http://localhost:8080/app/default,1316.0,686.0,false,en-US,List(en-US, en),Map(Webstorm-ceec828d -> a1caae6d-77c6-4339-b1de-ea06d79455b1, _ga -> GA1.1.297596926.1564974935))out: Actor[akka://application/system/StreamSupervisor-0/flow-6-2-actorRefSource#881170846]
2019-09-20 10:35:41,592 [INFO] from com.jpro.JS in JavaFX Application Thread - received msg: new MainID: 1195 userid: 1153428401
2019-09-20 10:35:45,132 [INFO] from com.jpro.internal.stats.ViewInfo$ in JavaFX Application Thread - 
2019-09-20 10:35:45,132 [INFO] from com.jpro.internal.stats.ViewInfo$ in JavaFX Application Thread - Application closed:
2019-09-20 10:35:45,136 [INFO] from com.jpro.internal.stats.ViewInfo$ in JavaFX Application Thread - startTime      : Fri Sep 20 10:35:45 MST 2019      
2019-09-20 10:35:45,137 [INFO] from com.jpro.internal.stats.ViewInfo$ in JavaFX Application Thread - averageLatency : 00:00:00.023 
2019-09-20 10:35:45,137 [INFO] from com.jpro.internal.stats.ViewInfo$ in JavaFX Application Thread - averageJitter  : 00:00:00.022  
2019-09-20 10:35:45,138 [INFO] from com.jpro.internal.stats.ViewInfo$ in JavaFX Application Thread - framerateServer: 00:00:00.000
2019-09-20 10:35:45,138 [INFO] from com.jpro.internal.stats.ViewInfo$ in JavaFX Application Thread - framerateClient: 00:00:00.000
2019-09-20 10:35:45,138 [INFO] from com.jpro.internal.stats.ViewInfo$ in JavaFX Application Thread - raw            : 67622
2019-09-20 10:35:45,138 [INFO] from com.jpro.internal.stats.ViewInfo$ in JavaFX Application Thread - zipped         : 9886
2019-09-20 10:35:45,138 [INFO] from com.jpro.internal.stats.ViewInfo$ in JavaFX Application Thread - 
2019-09-20 10:35:51,688 [INFO] from com.jpro.internal.communicator.InstanceImpl in JavaFX Application Thread - closing window!
2019-09-20 10:56:38,203 [INFO] from akka.event.slf4j.Slf4jLogger in application-akka.actor.default-dispatcher-2 - Slf4jLogger started
2019-09-20 10:56:38,424 [INFO] from com.jpro.activity in Thread-0 - Starting the server
2019-09-20 10:56:38,425 [INFO] from com.jpro.internal.server.Initializer$ in Thread-0 -  *** Starting JPro: https://www.jpro.one/ ***
2019-09-20 10:56:38,425 [INFO] from com.jpro.internal.server.Initializer$ in Thread-0 - OS: Mac OS X
2019-09-20 10:56:38,437 [INFO] from com.jpro.internal.server.Initializer$ in Thread-0 - JPro: 2019.1.2
2019-09-20 10:56:38,437 [INFO] from com.jpro.internal.server.Initializer$ in Thread-0 - Java version: 1.8.0_211
2019-09-20 10:56:38,437 [INFO] from com.jpro.internal.server.Initializer$ in Thread-0 - JVM: 1.8.0_211 Oracle Corporation
2019-09-20 10:56:38,460 [INFO] from com.jpro.internal.server.Initializer$ in Thread-0 - redirected OUT / ERR
2019-09-20 10:56:38,460 [INFO] from com.jpro.internal.server.Initializer$ in Thread-0 - installed SLF4JBridge
2019-09-20 10:56:38,477 [INFO] from com.jpro.internal.server.MonocleInitializer$ in Thread-0 - screen: null
2019-09-20 10:56:38,849 [INFO] from com.jpro.internal.server.Initializer$ in Thread-0 - finished init!
2019-09-20 10:56:38,867 [INFO] from com.jpro.internal.server.Initializer$ in JavaFX Application Thread - JavaFX version: 8.0.211-b10
2019-09-20 10:56:38,901 [INFO] from com.jpro.internal.chart.model.DynamicDataModel in JavaFX Application Thread - Started Monitoring chart data...
2019-09-20 10:56:39,169 [INFO] from com.jpro.internal.chart.model.ChartJSONImExporter in JavaFX Application Thread - Imported chart data Fri Sep 20 10:56:38 MST 2019
2019-09-20 10:56:39,399 [INFO] from play.api.Play in Thread-0 - Application started (Prod)
2019-09-20 10:56:39,979 [INFO] from play.core.server.AkkaHttpServer in Thread-0 - Listening for HTTP on /0:0:0:0:0:0:0:0:8080
2019-09-20 10:56:42,178 [INFO] from controllers.jpro in application-akka.actor.default-dispatcher-3 - application requested: 0!default
2019-09-20 10:56:42,187 [INFO] from controllers.jpro in application-akka.actor.default-dispatcher-3 - Creating Application: 0!default
2019-09-20 10:56:42,190 [INFO] from controllers.jpro in application-akka.actor.default-dispatcher-3 - remoteAddress 0:0:0:0:0:0:0:1
2019-09-20 10:56:42,190 [INFO] from controllers.jpro in application-akka.actor.default-dispatcher-3 - host          localhost:8080
2019-09-20 10:56:42,190 [INFO] from controllers.jpro in application-akka.actor.default-dispatcher-3 - uri           /app/0!default
2019-09-20 10:56:43,191 [INFO] from com.jpro.internal.server.ViewSerializerActor in JavaFX Application Thread - appdef: AppByMain(default,view.Spike1View,None,NamedClassLoader(system),false) clientinfo: ClientInfo(http://localhost:8080/,http://localhost:8080/app/default,1316.0,686.0,false,en-US,List(en-US, en),Map(Webstorm-ceec828d -> a1caae6d-77c6-4339-b1de-ea06d79455b1, _ga -> GA1.1.297596926.1564974935))out: Actor[akka://application/system/StreamSupervisor-0/flow-6-2-actorRefSource#-306485174]
2019-09-20 10:56:43,643 [INFO] from com.jpro.JS in JavaFX Application Thread - received msg: new MainID: 1195 userid: 294862481
2019-09-20 10:56:51,084 [INFO] from com.jpro.internal.stats.ViewInfo$ in JavaFX Application Thread - 
2019-09-20 10:56:51,085 [INFO] from com.jpro.internal.stats.ViewInfo$ in JavaFX Application Thread - Application closed:
2019-09-20 10:56:51,085 [INFO] from com.jpro.internal.stats.ViewInfo$ in JavaFX Application Thread - startTime      : Fri Sep 20 10:56:51 MST 2019      
2019-09-20 10:56:51,086 [INFO] from com.jpro.internal.stats.ViewInfo$ in JavaFX Application Thread - averageLatency : 00:00:00.020 
2019-09-20 10:56:51,086 [INFO] from com.jpro.internal.stats.ViewInfo$ in JavaFX Application Thread - averageJitter  : 00:00:00.024  
2019-09-20 10:56:51,086 [INFO] from com.jpro.internal.stats.ViewInfo$ in JavaFX Application Thread - framerateServer: 00:00:00.000
2019-09-20 10:56:51,088 [INFO] from com.jpro.internal.stats.ViewInfo$ in JavaFX Application Thread - framerateClient: 00:00:00.000
2019-09-20 10:56:51,088 [INFO] from com.jpro.internal.stats.ViewInfo$ in JavaFX Application Thread - raw            : 65062
2019-09-20 10:56:51,088 [INFO] from com.jpro.internal.stats.ViewInfo$ in JavaFX Application Thread - zipped         : 9007
2019-09-20 10:56:51,088 [INFO] from com.jpro.internal.stats.ViewInfo$ in JavaFX Application Thread - 
2019-09-20 10:56:58,921 [INFO] from com.jpro.internal.communicator.InstanceImpl in JavaFX Application Thread - closing window!
2019-09-20 11:16:10,835 [INFO] from akka.event.slf4j.Slf4jLogger in application-akka.actor.default-dispatcher-3 - Slf4jLogger started
2019-09-20 11:16:11,055 [INFO] from com.jpro.activity in Thread-0 - Starting the server
2019-09-20 11:16:11,055 [INFO] from com.jpro.internal.server.Initializer$ in Thread-0 -  *** Starting JPro: https://www.jpro.one/ ***
2019-09-20 11:16:11,055 [INFO] from com.jpro.internal.server.Initializer$ in Thread-0 - OS: Mac OS X
2019-09-20 11:16:11,064 [INFO] from com.jpro.internal.server.Initializer$ in Thread-0 - JPro: 2019.1.2
2019-09-20 11:16:11,064 [INFO] from com.jpro.internal.server.Initializer$ in Thread-0 - Java version: 1.8.0_211
2019-09-20 11:16:11,065 [INFO] from com.jpro.internal.server.Initializer$ in Thread-0 - JVM: 1.8.0_211 Oracle Corporation
2019-09-20 11:16:11,081 [INFO] from com.jpro.internal.server.Initializer$ in Thread-0 - redirected OUT / ERR
2019-09-20 11:16:11,081 [INFO] from com.jpro.internal.server.Initializer$ in Thread-0 - installed SLF4JBridge
2019-09-20 11:16:11,097 [INFO] from com.jpro.internal.server.MonocleInitializer$ in Thread-0 - screen: null
2019-09-20 11:16:11,444 [INFO] from com.jpro.internal.server.Initializer$ in Thread-0 - finished init!
2019-09-20 11:16:11,465 [INFO] from com.jpro.internal.server.Initializer$ in JavaFX Application Thread - JavaFX version: 8.0.211-b10
2019-09-20 11:16:11,493 [INFO] from com.jpro.internal.chart.model.DynamicDataModel in JavaFX Application Thread - Started Monitoring chart data...
2019-09-20 11:16:11,727 [INFO] from com.jpro.internal.chart.model.ChartJSONImExporter in JavaFX Application Thread - Imported chart data Fri Sep 20 11:16:11 MST 2019
2019-09-20 11:16:11,920 [INFO] from play.api.Play in Thread-0 - Application started (Prod)
2019-09-20 11:16:12,445 [INFO] from play.core.server.AkkaHttpServer in Thread-0 - Listening for HTTP on /0:0:0:0:0:0:0:0:8080
2019-09-20 11:16:13,335 [INFO] from controllers.jpro in application-akka.actor.default-dispatcher-4 - application requested: 0!default
2019-09-20 11:16:13,349 [INFO] from controllers.jpro in application-akka.actor.default-dispatcher-4 - Creating Application: 0!default
2019-09-20 11:16:13,352 [INFO] from controllers.jpro in application-akka.actor.default-dispatcher-4 - remoteAddress 0:0:0:0:0:0:0:1
2019-09-20 11:16:13,352 [INFO] from controllers.jpro in application-akka.actor.default-dispatcher-4 - host          localhost:8080
2019-09-20 11:16:13,352 [INFO] from controllers.jpro in application-akka.actor.default-dispatcher-4 - uri           /app/0!default
2019-09-20 11:16:14,359 [INFO] from com.jpro.internal.server.ViewSerializerActor in JavaFX Application Thread - appdef: AppByMain(default,view.Spike1View,None,NamedClassLoader(system),false) clientinfo: ClientInfo(http://localhost:8080/,http://localhost:8080/app/default,1316.0,686.0,false,en-US,List(en-US, en),Map(Webstorm-ceec828d -> a1caae6d-77c6-4339-b1de-ea06d79455b1, _ga -> GA1.1.297596926.1564974935))out: Actor[akka://application/system/StreamSupervisor-0/flow-6-2-actorRefSource#-162639011]
2019-09-20 11:16:14,831 [INFO] from com.jpro.JS in JavaFX Application Thread - received msg: new MainID: 1195 userid: 439776897
2019-09-20 11:16:24,718 [INFO] from com.jpro.internal.stats.ViewInfo$ in JavaFX Application Thread - 
2019-09-20 11:16:24,718 [INFO] from com.jpro.internal.stats.ViewInfo$ in JavaFX Application Thread - Application closed:
2019-09-20 11:16:24,721 [INFO] from com.jpro.internal.stats.ViewInfo$ in JavaFX Application Thread - startTime      : Fri Sep 20 11:16:24 MST 2019      
2019-09-20 11:16:24,721 [INFO] from com.jpro.internal.stats.ViewInfo$ in JavaFX Application Thread - averageLatency : 00:00:00.019 
2019-09-20 11:16:24,722 [INFO] from com.jpro.internal.stats.ViewInfo$ in JavaFX Application Thread - averageJitter  : 00:00:00.001  
2019-09-20 11:16:24,722 [INFO] from com.jpro.internal.stats.ViewInfo$ in JavaFX Application Thread - framerateServer: 00:00:00.000
2019-09-20 11:16:24,723 [INFO] from com.jpro.internal.stats.ViewInfo$ in JavaFX Application Thread - framerateClient: 00:00:00.000
2019-09-20 11:16:24,723 [INFO] from com.jpro.internal.stats.ViewInfo$ in JavaFX Application Thread - raw            : 113728
2019-09-20 11:16:24,723 [INFO] from com.jpro.internal.stats.ViewInfo$ in JavaFX Application Thread - zipped         : 23453
2019-09-20 11:16:24,724 [INFO] from com.jpro.internal.stats.ViewInfo$ in JavaFX Application Thread - 
2019-09-20 11:16:33,367 [INFO] from com.jpro.internal.communicator.InstanceImpl in JavaFX Application Thread - closing window!
2019-09-20 11:27:20,836 [INFO] from akka.event.slf4j.Slf4jLogger in application-akka.actor.default-dispatcher-3 - Slf4jLogger started
2019-09-20 11:27:21,056 [INFO] from com.jpro.activity in Thread-0 - Starting the server
2019-09-20 11:27:21,056 [INFO] from com.jpro.internal.server.Initializer$ in Thread-0 -  *** Starting JPro: https://www.jpro.one/ ***
2019-09-20 11:27:21,056 [INFO] from com.jpro.internal.server.Initializer$ in Thread-0 - OS: Mac OS X
2019-09-20 11:27:21,065 [INFO] from com.jpro.internal.server.Initializer$ in Thread-0 - JPro: 2019.1.2
2019-09-20 11:27:21,065 [INFO] from com.jpro.internal.server.Initializer$ in Thread-0 - Java version: 1.8.0_211
2019-09-20 11:27:21,065 [INFO] from com.jpro.internal.server.Initializer$ in Thread-0 - JVM: 1.8.0_211 Oracle Corporation
2019-09-20 11:27:21,082 [INFO] from com.jpro.internal.server.Initializer$ in Thread-0 - redirected OUT / ERR
2019-09-20 11:27:21,082 [INFO] from com.jpro.internal.server.Initializer$ in Thread-0 - installed SLF4JBridge
2019-09-20 11:27:21,098 [INFO] from com.jpro.internal.server.MonocleInitializer$ in Thread-0 - screen: null
2019-09-20 11:27:21,430 [INFO] from com.jpro.internal.server.Initializer$ in Thread-0 - finished init!
2019-09-20 11:27:21,449 [INFO] from com.jpro.internal.server.Initializer$ in JavaFX Application Thread - JavaFX version: 8.0.211-b10
2019-09-20 11:27:21,475 [INFO] from com.jpro.internal.chart.model.DynamicDataModel in JavaFX Application Thread - Started Monitoring chart data...
2019-09-20 11:27:21,713 [INFO] from com.jpro.internal.chart.model.ChartJSONImExporter in JavaFX Application Thread - Imported chart data Fri Sep 20 11:27:21 MST 2019
2019-09-20 11:27:21,911 [INFO] from play.api.Play in Thread-0 - Application started (Prod)
2019-09-20 11:27:22,426 [INFO] from play.core.server.AkkaHttpServer in Thread-0 - Listening for HTTP on /0:0:0:0:0:0:0:0:8080
2019-09-20 11:27:24,184 [INFO] from controllers.jpro in application-akka.actor.default-dispatcher-3 - application requested: 0!default
2019-09-20 11:27:24,197 [INFO] from controllers.jpro in application-akka.actor.default-dispatcher-3 - Creating Application: 0!default
2019-09-20 11:27:24,199 [INFO] from controllers.jpro in application-akka.actor.default-dispatcher-3 - remoteAddress 0:0:0:0:0:0:0:1
2019-09-20 11:27:24,199 [INFO] from controllers.jpro in application-akka.actor.default-dispatcher-3 - host          localhost:8080
2019-09-20 11:27:24,199 [INFO] from controllers.jpro in application-akka.actor.default-dispatcher-3 - uri           /app/0!default
2019-09-20 11:27:25,318 [INFO] from com.jpro.internal.server.ViewSerializerActor in JavaFX Application Thread - appdef: AppByMain(default,view.Spike1View,None,NamedClassLoader(system),false) clientinfo: ClientInfo(http://localhost:8080/,http://localhost:8080/app/default,1316.0,686.0,false,en-US,List(en-US, en),Map(Webstorm-ceec828d -> a1caae6d-77c6-4339-b1de-ea06d79455b1, _ga -> GA1.1.297596926.1564974935))out: Actor[akka://application/system/StreamSupervisor-0/flow-6-2-actorRefSource#-250586192]
2019-09-20 11:27:25,848 [INFO] from com.jpro.JS in JavaFX Application Thread - received msg: new MainID: 1195 userid: 1525994205
2019-09-20 11:27:30,577 [INFO] from com.jpro.internal.stats.ViewInfo$ in JavaFX Application Thread - 
2019-09-20 11:27:30,577 [INFO] from com.jpro.internal.stats.ViewInfo$ in JavaFX Application Thread - Application closed:
2019-09-20 11:27:30,578 [INFO] from com.jpro.internal.stats.ViewInfo$ in JavaFX Application Thread - startTime      : Fri Sep 20 11:27:30 MST 2019      
2019-09-20 11:27:30,578 [INFO] from com.jpro.internal.stats.ViewInfo$ in JavaFX Application Thread - averageLatency : 00:00:00.022 
2019-09-20 11:27:30,578 [INFO] from com.jpro.internal.stats.ViewInfo$ in JavaFX Application Thread - averageJitter  : 00:00:00.024  
2019-09-20 11:27:30,579 [INFO] from com.jpro.internal.stats.ViewInfo$ in JavaFX Application Thread - framerateServer: 00:00:00.000
2019-09-20 11:27:30,580 [INFO] from com.jpro.internal.stats.ViewInfo$ in JavaFX Application Thread - framerateClient: 00:00:00.000
2019-09-20 11:27:30,580 [INFO] from com.jpro.internal.stats.ViewInfo$ in JavaFX Application Thread - raw            : 66593
2019-09-20 11:27:30,580 [INFO] from com.jpro.internal.stats.ViewInfo$ in JavaFX Application Thread - zipped         : 9464
2019-09-20 11:27:30,580 [INFO] from com.jpro.internal.stats.ViewInfo$ in JavaFX Application Thread - 
2019-09-20 11:27:37,573 [INFO] from com.jpro.internal.communicator.InstanceImpl in JavaFX Application Thread - closing window!
2019-09-20 11:31:25,682 [INFO] from akka.event.slf4j.Slf4jLogger in application-akka.actor.default-dispatcher-3 - Slf4jLogger started
2019-09-20 11:31:25,882 [INFO] from com.jpro.activity in Thread-0 - Starting the server
2019-09-20 11:31:25,883 [INFO] from com.jpro.internal.server.Initializer$ in Thread-0 -  *** Starting JPro: https://www.jpro.one/ ***
2019-09-20 11:31:25,883 [INFO] from com.jpro.internal.server.Initializer$ in Thread-0 - OS: Mac OS X
2019-09-20 11:31:25,891 [INFO] from com.jpro.internal.server.Initializer$ in Thread-0 - JPro: 2019.1.2
2019-09-20 11:31:25,891 [INFO] from com.jpro.internal.server.Initializer$ in Thread-0 - Java version: 1.8.0_211
2019-09-20 11:31:25,891 [INFO] from com.jpro.internal.server.Initializer$ in Thread-0 - JVM: 1.8.0_211 Oracle Corporation
2019-09-20 11:31:25,908 [INFO] from com.jpro.internal.server.Initializer$ in Thread-0 - redirected OUT / ERR
2019-09-20 11:31:25,908 [INFO] from com.jpro.internal.server.Initializer$ in Thread-0 - installed SLF4JBridge
2019-09-20 11:31:25,924 [INFO] from com.jpro.internal.server.MonocleInitializer$ in Thread-0 - screen: null
2019-09-20 11:31:26,257 [INFO] from com.jpro.internal.server.Initializer$ in Thread-0 - finished init!
2019-09-20 11:31:26,276 [INFO] from com.jpro.internal.server.Initializer$ in JavaFX Application Thread - JavaFX version: 8.0.211-b10
2019-09-20 11:31:26,305 [INFO] from com.jpro.internal.chart.model.DynamicDataModel in JavaFX Application Thread - Started Monitoring chart data...
2019-09-20 11:31:26,536 [INFO] from com.jpro.internal.chart.model.ChartJSONImExporter in JavaFX Application Thread - Imported chart data Fri Sep 20 11:31:26 MST 2019
2019-09-20 11:31:26,725 [INFO] from play.api.Play in Thread-0 - Application started (Prod)
2019-09-20 11:31:27,250 [INFO] from play.core.server.AkkaHttpServer in Thread-0 - Listening for HTTP on /0:0:0:0:0:0:0:0:8080
2019-09-20 11:31:28,142 [INFO] from controllers.jpro in application-akka.actor.default-dispatcher-3 - application requested: 0!default
2019-09-20 11:31:28,153 [INFO] from controllers.jpro in application-akka.actor.default-dispatcher-3 - Creating Application: 0!default
2019-09-20 11:31:28,156 [INFO] from controllers.jpro in application-akka.actor.default-dispatcher-3 - remoteAddress 0:0:0:0:0:0:0:1
2019-09-20 11:31:28,156 [INFO] from controllers.jpro in application-akka.actor.default-dispatcher-3 - host          localhost:8080
2019-09-20 11:31:28,156 [INFO] from controllers.jpro in application-akka.actor.default-dispatcher-3 - uri           /app/0!default
2019-09-20 11:31:29,138 [INFO] from com.jpro.internal.server.ViewSerializerActor in JavaFX Application Thread - appdef: AppByMain(default,view.Spike1View,None,NamedClassLoader(system),false) clientinfo: ClientInfo(http://localhost:8080/,http://localhost:8080/app/default,1316.0,686.0,false,en-US,List(en-US, en),Map(Webstorm-ceec828d -> a1caae6d-77c6-4339-b1de-ea06d79455b1, _ga -> GA1.1.297596926.1564974935))out: Actor[akka://application/system/StreamSupervisor-0/flow-6-2-actorRefSource#-728778612]
2019-09-20 11:31:29,540 [INFO] from com.jpro.JS in JavaFX Application Thread - received msg: new MainID: 1007 userid: 439009998
2019-09-20 11:31:39,717 [INFO] from com.jpro.internal.stats.ViewInfo$ in JavaFX Application Thread - 
2019-09-20 11:31:39,717 [INFO] from com.jpro.internal.stats.ViewInfo$ in JavaFX Application Thread - Application closed:
2019-09-20 11:31:39,718 [INFO] from com.jpro.internal.stats.ViewInfo$ in JavaFX Application Thread - startTime      : Fri Sep 20 11:31:39 MST 2019      
2019-09-20 11:31:39,718 [INFO] from com.jpro.internal.stats.ViewInfo$ in JavaFX Application Thread - averageLatency : 00:00:00.024 
2019-09-20 11:31:39,718 [INFO] from com.jpro.internal.stats.ViewInfo$ in JavaFX Application Thread - averageJitter  : 00:00:00.016  
2019-09-20 11:31:39,719 [INFO] from com.jpro.internal.stats.ViewInfo$ in JavaFX Application Thread - framerateServer: 00:00:00.000
2019-09-20 11:31:39,720 [INFO] from com.jpro.internal.stats.ViewInfo$ in JavaFX Application Thread - framerateClient: 00:00:00.000
2019-09-20 11:31:39,720 [INFO] from com.jpro.internal.stats.ViewInfo$ in JavaFX Application Thread - raw            : 46389
2019-09-20 11:31:39,720 [INFO] from com.jpro.internal.stats.ViewInfo$ in JavaFX Application Thread - zipped         : 8619
2019-09-20 11:31:39,720 [INFO] from com.jpro.internal.stats.ViewInfo$ in JavaFX Application Thread - 
2019-09-20 11:31:48,439 [INFO] from com.jpro.internal.communicator.InstanceImpl in JavaFX Application Thread - closing window!
2019-09-20 11:34:40,281 [INFO] from akka.event.slf4j.Slf4jLogger in application-akka.actor.default-dispatcher-3 - Slf4jLogger started
2019-09-20 11:34:40,478 [INFO] from com.jpro.activity in Thread-0 - Starting the server
2019-09-20 11:34:40,478 [INFO] from com.jpro.internal.server.Initializer$ in Thread-0 -  *** Starting JPro: https://www.jpro.one/ ***
2019-09-20 11:34:40,479 [INFO] from com.jpro.internal.server.Initializer$ in Thread-0 - OS: Mac OS X
2019-09-20 11:34:40,488 [INFO] from com.jpro.internal.server.Initializer$ in Thread-0 - JPro: 2019.1.2
2019-09-20 11:34:40,489 [INFO] from com.jpro.internal.server.Initializer$ in Thread-0 - Java version: 1.8.0_211
2019-09-20 11:34:40,489 [INFO] from com.jpro.internal.server.Initializer$ in Thread-0 - JVM: 1.8.0_211 Oracle Corporation
2019-09-20 11:34:40,504 [INFO] from com.jpro.internal.server.Initializer$ in Thread-0 - redirected OUT / ERR
2019-09-20 11:34:40,505 [INFO] from com.jpro.internal.server.Initializer$ in Thread-0 - installed SLF4JBridge
2019-09-20 11:34:40,521 [INFO] from com.jpro.internal.server.MonocleInitializer$ in Thread-0 - screen: null
2019-09-20 11:34:40,862 [INFO] from com.jpro.internal.server.Initializer$ in Thread-0 - finished init!
2019-09-20 11:34:40,881 [INFO] from com.jpro.internal.server.Initializer$ in JavaFX Application Thread - JavaFX version: 8.0.211-b10
2019-09-20 11:34:40,905 [INFO] from com.jpro.internal.chart.model.DynamicDataModel in JavaFX Application Thread - Started Monitoring chart data...
2019-09-20 11:34:41,149 [INFO] from com.jpro.internal.chart.model.ChartJSONImExporter in JavaFX Application Thread - Imported chart data Fri Sep 20 11:34:40 MST 2019
2019-09-20 11:34:41,352 [INFO] from play.api.Play in Thread-0 - Application started (Prod)
2019-09-20 11:34:41,878 [INFO] from play.core.server.AkkaHttpServer in Thread-0 - Listening for HTTP on /0:0:0:0:0:0:0:0:8080
2019-09-20 11:34:42,718 [INFO] from controllers.jpro in application-akka.actor.default-dispatcher-4 - application requested: 0!default
2019-09-20 11:34:42,727 [INFO] from controllers.jpro in application-akka.actor.default-dispatcher-4 - Creating Application: 0!default
2019-09-20 11:34:42,730 [INFO] from controllers.jpro in application-akka.actor.default-dispatcher-4 - remoteAddress 0:0:0:0:0:0:0:1
2019-09-20 11:34:42,730 [INFO] from controllers.jpro in application-akka.actor.default-dispatcher-4 - host          localhost:8080
2019-09-20 11:34:42,730 [INFO] from controllers.jpro in application-akka.actor.default-dispatcher-4 - uri           /app/0!default
2019-09-20 11:34:43,730 [INFO] from com.jpro.internal.server.ViewSerializerActor in JavaFX Application Thread - appdef: AppByMain(default,view.Spike1View,None,NamedClassLoader(system),false) clientinfo: ClientInfo(http://localhost:8080/,http://localhost:8080/app/default,1316.0,686.0,false,en-US,List(en-US, en),Map(Webstorm-ceec828d -> a1caae6d-77c6-4339-b1de-ea06d79455b1, _ga -> GA1.1.297596926.1564974935))out: Actor[akka://application/system/StreamSupervisor-0/flow-6-2-actorRefSource#-1654985573]
2019-09-20 11:34:44,124 [INFO] from com.jpro.JS in JavaFX Application Thread - received msg: new MainID: 891 userid: 1848695158
2019-09-20 11:34:47,898 [INFO] from com.jpro.internal.stats.ViewInfo$ in JavaFX Application Thread - 
2019-09-20 11:34:47,898 [INFO] from com.jpro.internal.stats.ViewInfo$ in JavaFX Application Thread - Application closed:
2019-09-20 11:34:47,899 [INFO] from com.jpro.internal.stats.ViewInfo$ in JavaFX Application Thread - startTime      : Fri Sep 20 11:34:47 MST 2019      
2019-09-20 11:34:47,899 [INFO] from com.jpro.internal.stats.ViewInfo$ in JavaFX Application Thread - averageLatency : 00:00:00.014 
2019-09-20 11:34:47,899 [INFO] from com.jpro.internal.stats.ViewInfo$ in JavaFX Application Thread - averageJitter  : 00:00:00.021  
2019-09-20 11:34:47,900 [INFO] from com.jpro.internal.stats.ViewInfo$ in JavaFX Application Thread - framerateServer: 00:00:00.000
2019-09-20 11:34:47,901 [INFO] from com.jpro.internal.stats.ViewInfo$ in JavaFX Application Thread - framerateClient: 00:00:00.000
2019-09-20 11:34:47,901 [INFO] from com.jpro.internal.stats.ViewInfo$ in JavaFX Application Thread - raw            : 38342
2019-09-20 11:34:47,901 [INFO] from com.jpro.internal.stats.ViewInfo$ in JavaFX Application Thread - zipped         : 6190
2019-09-20 11:34:47,901 [INFO] from com.jpro.internal.stats.ViewInfo$ in JavaFX Application Thread - 
2019-09-20 11:34:54,515 [INFO] from com.jpro.internal.communicator.InstanceImpl in JavaFX Application Thread - closing window!
2019-09-20 11:36:47,991 [INFO] from akka.event.slf4j.Slf4jLogger in application-akka.actor.default-dispatcher-3 - Slf4jLogger started
2019-09-20 11:36:48,209 [INFO] from com.jpro.activity in Thread-0 - Starting the server
2019-09-20 11:36:48,209 [INFO] from com.jpro.internal.server.Initializer$ in Thread-0 -  *** Starting JPro: https://www.jpro.one/ ***
2019-09-20 11:36:48,209 [INFO] from com.jpro.internal.server.Initializer$ in Thread-0 - OS: Mac OS X
2019-09-20 11:36:48,218 [INFO] from com.jpro.internal.server.Initializer$ in Thread-0 - JPro: 2019.1.2
2019-09-20 11:36:48,218 [INFO] from com.jpro.internal.server.Initializer$ in Thread-0 - Java version: 1.8.0_211
2019-09-20 11:36:48,218 [INFO] from com.jpro.internal.server.Initializer$ in Thread-0 - JVM: 1.8.0_211 Oracle Corporation
2019-09-20 11:36:48,235 [INFO] from com.jpro.internal.server.Initializer$ in Thread-0 - redirected OUT / ERR
2019-09-20 11:36:48,235 [INFO] from com.jpro.internal.server.Initializer$ in Thread-0 - installed SLF4JBridge
2019-09-20 11:36:48,251 [INFO] from com.jpro.internal.server.MonocleInitializer$ in Thread-0 - screen: null
2019-09-20 11:36:48,582 [INFO] from com.jpro.internal.server.Initializer$ in Thread-0 - finished init!
2019-09-20 11:36:48,601 [INFO] from com.jpro.internal.server.Initializer$ in JavaFX Application Thread - JavaFX version: 8.0.211-b10
2019-09-20 11:36:48,626 [INFO] from com.jpro.internal.chart.model.DynamicDataModel in JavaFX Application Thread - Started Monitoring chart data...
2019-09-20 11:36:48,850 [INFO] from com.jpro.internal.chart.model.ChartJSONImExporter in JavaFX Application Thread - Imported chart data Fri Sep 20 11:36:48 MST 2019
2019-09-20 11:36:49,035 [INFO] from play.api.Play in Thread-0 - Application started (Prod)
2019-09-20 11:36:49,572 [INFO] from play.core.server.AkkaHttpServer in Thread-0 - Listening for HTTP on /0:0:0:0:0:0:0:0:8080
2019-09-20 11:36:50,434 [INFO] from controllers.jpro in application-akka.actor.default-dispatcher-7 - application requested: 0!default
2019-09-20 11:36:50,448 [INFO] from controllers.jpro in application-akka.actor.default-dispatcher-7 - Creating Application: 0!default
2019-09-20 11:36:50,451 [INFO] from controllers.jpro in application-akka.actor.default-dispatcher-7 - remoteAddress 0:0:0:0:0:0:0:1
2019-09-20 11:36:50,451 [INFO] from controllers.jpro in application-akka.actor.default-dispatcher-7 - host          localhost:8080
2019-09-20 11:36:50,451 [INFO] from controllers.jpro in application-akka.actor.default-dispatcher-7 - uri           /app/0!default
2019-09-20 11:36:51,454 [INFO] from com.jpro.internal.server.ViewSerializerActor in JavaFX Application Thread - appdef: AppByMain(default,view.Spike1View,None,NamedClassLoader(system),false) clientinfo: ClientInfo(http://localhost:8080/,http://localhost:8080/app/default,1316.0,686.0,false,en-US,List(en-US, en),Map(Webstorm-ceec828d -> a1caae6d-77c6-4339-b1de-ea06d79455b1, _ga -> GA1.1.297596926.1564974935))out: Actor[akka://application/system/StreamSupervisor-0/flow-6-2-actorRefSource#1156004162]
2019-09-20 11:36:51,890 [INFO] from com.jpro.JS in JavaFX Application Thread - received msg: new MainID: 1195 userid: 1099118972
2019-09-20 11:37:03,938 [INFO] from com.jpro.internal.stats.ViewInfo$ in JavaFX Application Thread - 
2019-09-20 11:37:03,938 [INFO] from com.jpro.internal.stats.ViewInfo$ in JavaFX Application Thread - Application closed:
2019-09-20 11:37:03,939 [INFO] from com.jpro.internal.stats.ViewInfo$ in JavaFX Application Thread - startTime      : Fri Sep 20 11:37:03 MST 2019      
2019-09-20 11:37:03,939 [INFO] from com.jpro.internal.stats.ViewInfo$ in JavaFX Application Thread - averageLatency : 00:00:00.025 
2019-09-20 11:37:03,939 [INFO] from com.jpro.internal.stats.ViewInfo$ in JavaFX Application Thread - averageJitter  : 00:00:00.021  
2019-09-20 11:37:03,939 [INFO] from com.jpro.internal.stats.ViewInfo$ in JavaFX Application Thread - framerateServer: 00:00:00.000
2019-09-20 11:37:03,940 [INFO] from com.jpro.internal.stats.ViewInfo$ in JavaFX Application Thread - framerateClient: 00:00:00.000
2019-09-20 11:37:03,940 [INFO] from com.jpro.internal.stats.ViewInfo$ in JavaFX Application Thread - raw            : 66581
2019-09-20 11:37:03,940 [INFO] from com.jpro.internal.stats.ViewInfo$ in JavaFX Application Thread - zipped         : 9922
2019-09-20 11:37:03,940 [INFO] from com.jpro.internal.stats.ViewInfo$ in JavaFX Application Thread - 
2019-09-20 11:38:35,941 [INFO] from akka.event.slf4j.Slf4jLogger in application-akka.actor.default-dispatcher-3 - Slf4jLogger started
2019-09-20 11:38:36,136 [INFO] from com.jpro.activity in Thread-0 - Starting the server
2019-09-20 11:38:36,136 [INFO] from com.jpro.internal.server.Initializer$ in Thread-0 -  *** Starting JPro: https://www.jpro.one/ ***
2019-09-20 11:38:36,136 [INFO] from com.jpro.internal.server.Initializer$ in Thread-0 - OS: Mac OS X
2019-09-20 11:38:36,145 [INFO] from com.jpro.internal.server.Initializer$ in Thread-0 - JPro: 2019.1.2
2019-09-20 11:38:36,145 [INFO] from com.jpro.internal.server.Initializer$ in Thread-0 - Java version: 1.8.0_211
2019-09-20 11:38:36,145 [INFO] from com.jpro.internal.server.Initializer$ in Thread-0 - JVM: 1.8.0_211 Oracle Corporation
2019-09-20 11:38:36,162 [INFO] from com.jpro.internal.server.Initializer$ in Thread-0 - redirected OUT / ERR
2019-09-20 11:38:36,162 [INFO] from com.jpro.internal.server.Initializer$ in Thread-0 - installed SLF4JBridge
2019-09-20 11:38:36,178 [INFO] from com.jpro.internal.server.MonocleInitializer$ in Thread-0 - screen: null
2019-09-20 11:38:36,512 [INFO] from com.jpro.internal.server.Initializer$ in Thread-0 - finished init!
2019-09-20 11:38:36,527 [INFO] from com.jpro.internal.server.Initializer$ in JavaFX Application Thread - JavaFX version: 8.0.211-b10
2019-09-20 11:38:36,551 [INFO] from com.jpro.internal.chart.model.DynamicDataModel in JavaFX Application Thread - Started Monitoring chart data...
2019-09-20 11:38:36,757 [INFO] from com.jpro.internal.chart.model.ChartJSONImExporter in JavaFX Application Thread - Imported chart data Fri Sep 20 11:38:36 MST 2019
2019-09-20 11:38:36,946 [INFO] from play.api.Play in Thread-0 - Application started (Prod)
2019-09-20 11:38:37,479 [INFO] from play.core.server.AkkaHttpServer in Thread-0 - Listening for HTTP on /0:0:0:0:0:0:0:0:8080
2019-09-20 11:38:38,364 [INFO] from controllers.jpro in application-akka.actor.default-dispatcher-2 - application requested: 0!default
2019-09-20 11:38:38,374 [INFO] from controllers.jpro in application-akka.actor.default-dispatcher-2 - Creating Application: 0!default
2019-09-20 11:38:38,376 [INFO] from controllers.jpro in application-akka.actor.default-dispatcher-2 - remoteAddress 0:0:0:0:0:0:0:1
2019-09-20 11:38:38,377 [INFO] from controllers.jpro in application-akka.actor.default-dispatcher-2 - host          localhost:8080
2019-09-20 11:38:38,377 [INFO] from controllers.jpro in application-akka.actor.default-dispatcher-2 - uri           /app/0!default
2019-09-20 11:38:39,370 [INFO] from com.jpro.internal.server.ViewSerializerActor in JavaFX Application Thread - appdef: AppByMain(default,view.Spike1View,None,NamedClassLoader(system),false) clientinfo: ClientInfo(http://localhost:8080/,http://localhost:8080/app/default,1316.0,686.0,false,en-US,List(en-US, en),Map(Webstorm-ceec828d -> a1caae6d-77c6-4339-b1de-ea06d79455b1, _ga -> GA1.1.297596926.1564974935))out: Actor[akka://application/system/StreamSupervisor-0/flow-6-2-actorRefSource#-1740028664]
2019-09-20 11:38:39,756 [INFO] from com.jpro.JS in JavaFX Application Thread - received msg: new MainID: 1007 userid: 1016628164
2019-09-20 11:38:43,113 [INFO] from com.jpro.internal.stats.ViewInfo$ in JavaFX Application Thread - 
2019-09-20 11:38:43,113 [INFO] from com.jpro.internal.stats.ViewInfo$ in JavaFX Application Thread - Application closed:
2019-09-20 11:38:43,114 [INFO] from com.jpro.internal.stats.ViewInfo$ in JavaFX Application Thread - startTime      : Fri Sep 20 11:38:43 MST 2019      
2019-09-20 11:38:43,114 [INFO] from com.jpro.internal.stats.ViewInfo$ in JavaFX Application Thread - averageLatency : 00:00:00.014 
2019-09-20 11:38:43,114 [INFO] from com.jpro.internal.stats.ViewInfo$ in JavaFX Application Thread - averageJitter  : 00:00:00.020  
2019-09-20 11:38:43,115 [INFO] from com.jpro.internal.stats.ViewInfo$ in JavaFX Application Thread - framerateServer: 00:00:00.000
2019-09-20 11:38:43,116 [INFO] from com.jpro.internal.stats.ViewInfo$ in JavaFX Application Thread - framerateClient: 00:00:00.000
2019-09-20 11:38:43,116 [INFO] from com.jpro.internal.stats.ViewInfo$ in JavaFX Application Thread - raw            : 35113
2019-09-20 11:38:43,116 [INFO] from com.jpro.internal.stats.ViewInfo$ in JavaFX Application Thread - zipped         : 5289
2019-09-20 11:38:43,116 [INFO] from com.jpro.internal.stats.ViewInfo$ in JavaFX Application Thread - 
2019-09-20 11:38:49,584 [INFO] from com.jpro.internal.communicator.InstanceImpl in JavaFX Application Thread - closing window!
2019-09-20 11:39:12,345 [INFO] from akka.event.slf4j.Slf4jLogger in application-akka.actor.default-dispatcher-2 - Slf4jLogger started
2019-09-20 11:39:12,563 [INFO] from com.jpro.activity in Thread-0 - Starting the server
2019-09-20 11:39:12,563 [INFO] from com.jpro.internal.server.Initializer$ in Thread-0 -  *** Starting JPro: https://www.jpro.one/ ***
2019-09-20 11:39:12,563 [INFO] from com.jpro.internal.server.Initializer$ in Thread-0 - OS: Mac OS X
2019-09-20 11:39:12,572 [INFO] from com.jpro.internal.server.Initializer$ in Thread-0 - JPro: 2019.1.2
2019-09-20 11:39:12,572 [INFO] from com.jpro.internal.server.Initializer$ in Thread-0 - Java version: 1.8.0_211
2019-09-20 11:39:12,572 [INFO] from com.jpro.internal.server.Initializer$ in Thread-0 - JVM: 1.8.0_211 Oracle Corporation
2019-09-20 11:39:12,589 [INFO] from com.jpro.internal.server.Initializer$ in Thread-0 - redirected OUT / ERR
2019-09-20 11:39:12,589 [INFO] from com.jpro.internal.server.Initializer$ in Thread-0 - installed SLF4JBridge
2019-09-20 11:39:12,607 [INFO] from com.jpro.internal.server.MonocleInitializer$ in Thread-0 - screen: null
2019-09-20 11:39:12,944 [INFO] from com.jpro.internal.server.Initializer$ in Thread-0 - finished init!
2019-09-20 11:39:12,963 [INFO] from com.jpro.internal.server.Initializer$ in JavaFX Application Thread - JavaFX version: 8.0.211-b10
2019-09-20 11:39:12,987 [INFO] from com.jpro.internal.chart.model.DynamicDataModel in JavaFX Application Thread - Started Monitoring chart data...
2019-09-20 11:39:13,200 [INFO] from com.jpro.internal.chart.model.ChartJSONImExporter in JavaFX Application Thread - Imported chart data Fri Sep 20 11:39:12 MST 2019
2019-09-20 11:39:13,397 [INFO] from play.api.Play in Thread-0 - Application started (Prod)
2019-09-20 11:39:13,916 [INFO] from play.core.server.AkkaHttpServer in Thread-0 - Listening for HTTP on /0:0:0:0:0:0:0:0:8080
2019-09-20 11:39:14,800 [INFO] from controllers.jpro in application-akka.actor.default-dispatcher-6 - application requested: 0!default
2019-09-20 11:39:14,809 [INFO] from controllers.jpro in application-akka.actor.default-dispatcher-6 - Creating Application: 0!default
2019-09-20 11:39:14,814 [INFO] from controllers.jpro in application-akka.actor.default-dispatcher-6 - remoteAddress 0:0:0:0:0:0:0:1
2019-09-20 11:39:14,814 [INFO] from controllers.jpro in application-akka.actor.default-dispatcher-6 - host          localhost:8080
2019-09-20 11:39:14,814 [INFO] from controllers.jpro in application-akka.actor.default-dispatcher-6 - uri           /app/0!default
2019-09-20 11:39:15,796 [INFO] from com.jpro.internal.server.ViewSerializerActor in JavaFX Application Thread - appdef: AppByMain(default,view.Spike1View,None,NamedClassLoader(system),false) clientinfo: ClientInfo(http://localhost:8080/,http://localhost:8080/app/default,1316.0,686.0,false,en-US,List(en-US, en),Map(Webstorm-ceec828d -> a1caae6d-77c6-4339-b1de-ea06d79455b1, _ga -> GA1.1.297596926.1564974935))out: Actor[akka://application/system/StreamSupervisor-0/flow-6-2-actorRefSource#836952210]
2019-09-20 11:39:16,212 [INFO] from com.jpro.JS in JavaFX Application Thread - received msg: new MainID: 1195 userid: 1440312522
2019-09-20 11:40:53,573 [INFO] from akka.event.slf4j.Slf4jLogger in application-akka.actor.default-dispatcher-3 - Slf4jLogger started
2019-09-20 11:40:53,793 [INFO] from com.jpro.activity in Thread-0 - Starting the server
2019-09-20 11:40:53,793 [INFO] from com.jpro.internal.server.Initializer$ in Thread-0 -  *** Starting JPro: https://www.jpro.one/ ***
2019-09-20 11:40:53,793 [INFO] from com.jpro.internal.server.Initializer$ in Thread-0 - OS: Mac OS X
2019-09-20 11:40:53,802 [INFO] from com.jpro.internal.server.Initializer$ in Thread-0 - JPro: 2019.1.2
2019-09-20 11:40:53,802 [INFO] from com.jpro.internal.server.Initializer$ in Thread-0 - Java version: 1.8.0_211
2019-09-20 11:40:53,802 [INFO] from com.jpro.internal.server.Initializer$ in Thread-0 - JVM: 1.8.0_211 Oracle Corporation
2019-09-20 11:40:53,818 [INFO] from com.jpro.internal.server.Initializer$ in Thread-0 - redirected OUT / ERR
2019-09-20 11:40:53,818 [INFO] from com.jpro.internal.server.Initializer$ in Thread-0 - installed SLF4JBridge
2019-09-20 11:40:53,834 [INFO] from com.jpro.internal.server.MonocleInitializer$ in Thread-0 - screen: null
2019-09-20 11:40:54,162 [INFO] from com.jpro.internal.server.Initializer$ in Thread-0 - finished init!
2019-09-20 11:40:54,179 [INFO] from com.jpro.internal.server.Initializer$ in JavaFX Application Thread - JavaFX version: 8.0.211-b10
2019-09-20 11:40:54,206 [INFO] from com.jpro.internal.chart.model.DynamicDataModel in JavaFX Application Thread - Started Monitoring chart data...
2019-09-20 11:40:54,422 [INFO] from com.jpro.internal.chart.model.ChartJSONImExporter in JavaFX Application Thread - Imported chart data Fri Sep 20 11:40:54 MST 2019
2019-09-20 11:40:54,610 [INFO] from play.api.Play in Thread-0 - Application started (Prod)
2019-09-20 11:40:55,133 [INFO] from play.core.server.AkkaHttpServer in Thread-0 - Listening for HTTP on /0:0:0:0:0:0:0:0:8080
2019-09-20 11:40:55,963 [INFO] from controllers.jpro in application-akka.actor.default-dispatcher-3 - application requested: 0!default
2019-09-20 11:40:55,973 [INFO] from controllers.jpro in application-akka.actor.default-dispatcher-3 - Creating Application: 0!default
2019-09-20 11:40:55,976 [INFO] from controllers.jpro in application-akka.actor.default-dispatcher-3 - remoteAddress 0:0:0:0:0:0:0:1
2019-09-20 11:40:55,977 [INFO] from controllers.jpro in application-akka.actor.default-dispatcher-3 - host          localhost:8080
2019-09-20 11:40:55,977 [INFO] from controllers.jpro in application-akka.actor.default-dispatcher-3 - uri           /app/0!default
2019-09-20 11:40:56,986 [INFO] from com.jpro.internal.server.ViewSerializerActor in JavaFX Application Thread - appdef: AppByMain(default,view.Spike1View,None,NamedClassLoader(system),false) clientinfo: ClientInfo(http://localhost:8080/,http://localhost:8080/app/default,1316.0,686.0,false,en-US,List(en-US, en),Map(Webstorm-ceec828d -> a1caae6d-77c6-4339-b1de-ea06d79455b1, _ga -> GA1.1.297596926.1564974935))out: Actor[akka://application/system/StreamSupervisor-0/flow-6-2-actorRefSource#-50428814]
2019-09-20 11:40:57,393 [INFO] from com.jpro.JS in JavaFX Application Thread - received msg: new MainID: 1195 userid: 490275193
2019-09-20 11:41:01,965 [INFO] from com.jpro.internal.stats.ViewInfo$ in JavaFX Application Thread - 
2019-09-20 11:41:01,965 [INFO] from com.jpro.internal.stats.ViewInfo$ in JavaFX Application Thread - Application closed:
2019-09-20 11:41:01,966 [INFO] from com.jpro.internal.stats.ViewInfo$ in JavaFX Application Thread - startTime      : Fri Sep 20 11:41:01 MST 2019      
2019-09-20 11:41:01,966 [INFO] from com.jpro.internal.stats.ViewInfo$ in JavaFX Application Thread - averageLatency : 00:00:00.019 
2019-09-20 11:41:01,966 [INFO] from com.jpro.internal.stats.ViewInfo$ in JavaFX Application Thread - averageJitter  : 00:00:00.001  
2019-09-20 11:41:01,967 [INFO] from com.jpro.internal.stats.ViewInfo$ in JavaFX Application Thread - framerateServer: 00:00:00.000
2019-09-20 11:41:01,967 [INFO] from com.jpro.internal.stats.ViewInfo$ in JavaFX Application Thread - framerateClient: 00:00:00.000
2019-09-20 11:41:01,967 [INFO] from com.jpro.internal.stats.ViewInfo$ in JavaFX Application Thread - raw            : 75641
2019-09-20 11:41:01,967 [INFO] from com.jpro.internal.stats.ViewInfo$ in JavaFX Application Thread - zipped         : 14162
2019-09-20 11:41:01,967 [INFO] from com.jpro.internal.stats.ViewInfo$ in JavaFX Application Thread - 
2019-09-20 11:42:09,280 [INFO] from akka.event.slf4j.Slf4jLogger in application-akka.actor.default-dispatcher-2 - Slf4jLogger started
2019-09-20 11:42:09,482 [INFO] from com.jpro.activity in Thread-0 - Starting the server
2019-09-20 11:42:09,482 [INFO] from com.jpro.internal.server.Initializer$ in Thread-0 -  *** Starting JPro: https://www.jpro.one/ ***
2019-09-20 11:42:09,482 [INFO] from com.jpro.internal.server.Initializer$ in Thread-0 - OS: Mac OS X
2019-09-20 11:42:09,492 [INFO] from com.jpro.internal.server.Initializer$ in Thread-0 - JPro: 2019.1.2
2019-09-20 11:42:09,492 [INFO] from com.jpro.internal.server.Initializer$ in Thread-0 - Java version: 1.8.0_211
2019-09-20 11:42:09,492 [INFO] from com.jpro.internal.server.Initializer$ in Thread-0 - JVM: 1.8.0_211 Oracle Corporation
2019-09-20 11:42:09,509 [INFO] from com.jpro.internal.server.Initializer$ in Thread-0 - redirected OUT / ERR
2019-09-20 11:42:09,510 [INFO] from com.jpro.internal.server.Initializer$ in Thread-0 - installed SLF4JBridge
2019-09-20 11:42:09,526 [INFO] from com.jpro.internal.server.MonocleInitializer$ in Thread-0 - screen: null
2019-09-20 11:42:09,867 [INFO] from com.jpro.internal.server.Initializer$ in Thread-0 - finished init!
2019-09-20 11:42:09,882 [INFO] from com.jpro.internal.server.Initializer$ in JavaFX Application Thread - JavaFX version: 8.0.211-b10
2019-09-20 11:42:09,907 [INFO] from com.jpro.internal.chart.model.DynamicDataModel in JavaFX Application Thread - Started Monitoring chart data...
2019-09-20 11:42:10,132 [INFO] from com.jpro.internal.chart.model.ChartJSONImExporter in JavaFX Application Thread - Imported chart data Fri Sep 20 11:42:09 MST 2019
2019-09-20 11:42:10,326 [INFO] from play.api.Play in Thread-0 - Application started (Prod)
2019-09-20 11:42:10,872 [INFO] from play.core.server.AkkaHttpServer in Thread-0 - Listening for HTTP on /0:0:0:0:0:0:0:0:8080
2019-09-20 11:42:11,756 [INFO] from controllers.jpro in application-akka.actor.default-dispatcher-6 - application requested: 0!default
2019-09-20 11:42:11,766 [INFO] from controllers.jpro in application-akka.actor.default-dispatcher-6 - Creating Application: 0!default
2019-09-20 11:42:11,769 [INFO] from controllers.jpro in application-akka.actor.default-dispatcher-6 - remoteAddress 0:0:0:0:0:0:0:1
2019-09-20 11:42:11,770 [INFO] from controllers.jpro in application-akka.actor.default-dispatcher-6 - host          localhost:8080
2019-09-20 11:42:11,770 [INFO] from controllers.jpro in application-akka.actor.default-dispatcher-6 - uri           /app/0!default
2019-09-20 11:42:12,776 [INFO] from com.jpro.internal.server.ViewSerializerActor in JavaFX Application Thread - appdef: AppByMain(default,view.Spike1View,None,NamedClassLoader(system),false) clientinfo: ClientInfo(http://localhost:8080/,http://localhost:8080/app/default,1316.0,686.0,false,en-US,List(en-US, en),Map(Webstorm-ceec828d -> a1caae6d-77c6-4339-b1de-ea06d79455b1, _ga -> GA1.1.297596926.1564974935))out: Actor[akka://application/system/StreamSupervisor-0/flow-6-2-actorRefSource#-1488656993]
2019-09-20 11:42:13,203 [INFO] from com.jpro.JS in JavaFX Application Thread - received msg: new MainID: 1195 userid: 871286800
2019-09-20 11:42:25,063 [INFO] from com.jpro.internal.stats.ViewInfo$ in JavaFX Application Thread - 
2019-09-20 11:42:25,063 [INFO] from com.jpro.internal.stats.ViewInfo$ in JavaFX Application Thread - Application closed:
2019-09-20 11:42:25,064 [INFO] from com.jpro.internal.stats.ViewInfo$ in JavaFX Application Thread - startTime      : Fri Sep 20 11:42:25 MST 2019      
2019-09-20 11:42:25,064 [INFO] from com.jpro.internal.stats.ViewInfo$ in JavaFX Application Thread - averageLatency : 00:00:00.019 
2019-09-20 11:42:25,064 [INFO] from com.jpro.internal.stats.ViewInfo$ in JavaFX Application Thread - averageJitter  : 00:00:00.002  
2019-09-20 11:42:25,065 [INFO] from com.jpro.internal.stats.ViewInfo$ in JavaFX Application Thread - framerateServer: 00:00:00.000
2019-09-20 11:42:25,066 [INFO] from com.jpro.internal.stats.ViewInfo$ in JavaFX Application Thread - framerateClient: 00:00:00.000
2019-09-20 11:42:25,066 [INFO] from com.jpro.internal.stats.ViewInfo$ in JavaFX Application Thread - raw            : 70521
2019-09-20 11:42:25,066 [INFO] from com.jpro.internal.stats.ViewInfo$ in JavaFX Application Thread - zipped         : 13035
2019-09-20 11:42:25,066 [INFO] from com.jpro.internal.stats.ViewInfo$ in JavaFX Application Thread - 
2019-09-20 11:49:45,306 [INFO] from akka.event.slf4j.Slf4jLogger in application-akka.actor.default-dispatcher-3 - Slf4jLogger started
2019-09-20 11:49:45,502 [INFO] from com.jpro.activity in Thread-0 - Starting the server
2019-09-20 11:49:45,502 [INFO] from com.jpro.internal.server.Initializer$ in Thread-0 -  *** Starting JPro: https://www.jpro.one/ ***
2019-09-20 11:49:45,502 [INFO] from com.jpro.internal.server.Initializer$ in Thread-0 - OS: Mac OS X
2019-09-20 11:49:45,511 [INFO] from com.jpro.internal.server.Initializer$ in Thread-0 - JPro: 2019.1.2
2019-09-20 11:49:45,511 [INFO] from com.jpro.internal.server.Initializer$ in Thread-0 - Java version: 1.8.0_211
2019-09-20 11:49:45,511 [INFO] from com.jpro.internal.server.Initializer$ in Thread-0 - JVM: 1.8.0_211 Oracle Corporation
2019-09-20 11:49:45,530 [INFO] from com.jpro.internal.server.Initializer$ in Thread-0 - redirected OUT / ERR
2019-09-20 11:49:45,530 [INFO] from com.jpro.internal.server.Initializer$ in Thread-0 - installed SLF4JBridge
2019-09-20 11:49:45,546 [INFO] from com.jpro.internal.server.MonocleInitializer$ in Thread-0 - screen: null
2019-09-20 11:49:45,873 [INFO] from com.jpro.internal.server.Initializer$ in Thread-0 - finished init!
2019-09-20 11:49:45,890 [INFO] from com.jpro.internal.server.Initializer$ in JavaFX Application Thread - JavaFX version: 8.0.211-b10
2019-09-20 11:49:45,919 [INFO] from com.jpro.internal.chart.model.DynamicDataModel in JavaFX Application Thread - Started Monitoring chart data...
2019-09-20 11:49:46,127 [INFO] from com.jpro.internal.chart.model.ChartJSONImExporter in JavaFX Application Thread - Imported chart data Fri Sep 20 11:49:45 MST 2019
2019-09-20 11:49:46,304 [INFO] from play.api.Play in Thread-0 - Application started (Prod)
2019-09-20 11:49:46,838 [INFO] from play.core.server.AkkaHttpServer in Thread-0 - Listening for HTTP on /0:0:0:0:0:0:0:0:8080
2019-09-20 11:49:49,010 [INFO] from controllers.jpro in application-akka.actor.default-dispatcher-3 - application requested: 0!default
2019-09-20 11:49:49,019 [INFO] from controllers.jpro in application-akka.actor.default-dispatcher-3 - Creating Application: 0!default
2019-09-20 11:49:49,022 [INFO] from controllers.jpro in application-akka.actor.default-dispatcher-3 - remoteAddress 0:0:0:0:0:0:0:1
2019-09-20 11:49:49,022 [INFO] from controllers.jpro in application-akka.actor.default-dispatcher-3 - host          localhost:8080
2019-09-20 11:49:49,022 [INFO] from controllers.jpro in application-akka.actor.default-dispatcher-3 - uri           /app/0!default
2019-09-20 11:49:50,005 [INFO] from com.jpro.internal.server.ViewSerializerActor in JavaFX Application Thread - appdef: AppByMain(default,view.Spike1View,None,NamedClassLoader(system),false) clientinfo: ClientInfo(http://localhost:8080/,http://localhost:8080/app/default,1316.0,686.0,false,en-US,List(en-US, en),Map(Webstorm-ceec828d -> a1caae6d-77c6-4339-b1de-ea06d79455b1, _ga -> GA1.1.297596926.1564974935))out: Actor[akka://application/system/StreamSupervisor-0/flow-6-2-actorRefSource#592417541]
2019-09-20 11:49:50,405 [INFO] from com.jpro.JS in JavaFX Application Thread - received msg: new MainID: 1166 userid: 56735711
2019-09-20 11:50:32,648 [INFO] from com.jpro.internal.stats.ViewInfo$ in JavaFX Application Thread - 
2019-09-20 11:50:32,648 [INFO] from com.jpro.internal.stats.ViewInfo$ in JavaFX Application Thread - Application closed:
2019-09-20 11:50:32,649 [INFO] from com.jpro.internal.stats.ViewInfo$ in JavaFX Application Thread - startTime      : Fri Sep 20 11:50:32 MST 2019      
2019-09-20 11:50:32,649 [INFO] from com.jpro.internal.stats.ViewInfo$ in JavaFX Application Thread - averageLatency : 00:00:00.020 
2019-09-20 11:50:32,649 [INFO] from com.jpro.internal.stats.ViewInfo$ in JavaFX Application Thread - averageJitter  : 00:00:00.001  
2019-09-20 11:50:32,650 [INFO] from com.jpro.internal.stats.ViewInfo$ in JavaFX Application Thread - framerateServer: 00:00:00.000
2019-09-20 11:50:32,651 [INFO] from com.jpro.internal.stats.ViewInfo$ in JavaFX Application Thread - framerateClient: 00:00:00.000
2019-09-20 11:50:32,651 [INFO] from com.jpro.internal.stats.ViewInfo$ in JavaFX Application Thread - raw            : 103774
2019-09-20 11:50:32,651 [INFO] from com.jpro.internal.stats.ViewInfo$ in JavaFX Application Thread - zipped         : 21909
2019-09-20 11:50:32,651 [INFO] from com.jpro.internal.stats.ViewInfo$ in JavaFX Application Thread - 
2019-09-21 15:49:02,153 [INFO] from akka.event.slf4j.Slf4jLogger in application-akka.actor.default-dispatcher-3 - Slf4jLogger started
2019-09-21 15:49:02,454 [INFO] from com.jpro.activity in Thread-0 - Starting the server
2019-09-21 15:49:02,454 [INFO] from com.jpro.internal.server.Initializer$ in Thread-0 -  *** Starting JPro: https://www.jpro.one/ ***
2019-09-21 15:49:02,454 [INFO] from com.jpro.internal.server.Initializer$ in Thread-0 - OS: Mac OS X
2019-09-21 15:49:02,468 [INFO] from com.jpro.internal.server.Initializer$ in Thread-0 - JPro: 2019.1.2
2019-09-21 15:49:02,469 [INFO] from com.jpro.internal.server.Initializer$ in Thread-0 - Java version: 1.8.0_211
2019-09-21 15:49:02,469 [INFO] from com.jpro.internal.server.Initializer$ in Thread-0 - JVM: 1.8.0_211 Oracle Corporation
2019-09-21 15:49:02,493 [INFO] from com.jpro.internal.server.Initializer$ in Thread-0 - redirected OUT / ERR
2019-09-21 15:49:02,493 [INFO] from com.jpro.internal.server.Initializer$ in Thread-0 - installed SLF4JBridge
2019-09-21 15:49:02,526 [INFO] from com.jpro.internal.server.MonocleInitializer$ in Thread-0 - screen: null
2019-09-21 15:49:03,022 [INFO] from com.jpro.internal.server.Initializer$ in Thread-0 - finished init!
2019-09-21 15:49:03,049 [INFO] from com.jpro.internal.server.Initializer$ in JavaFX Application Thread - JavaFX version: 8.0.211-b10
2019-09-21 15:49:03,090 [INFO] from com.jpro.internal.chart.model.DynamicDataModel in JavaFX Application Thread - Started Monitoring chart data...
2019-09-21 15:49:03,384 [INFO] from com.jpro.internal.chart.model.ChartJSONImExporter in JavaFX Application Thread - Imported chart data Sat Sep 21 15:49:02 MST 2019
2019-09-21 15:49:03,673 [INFO] from play.api.Play in Thread-0 - Application started (Prod)
2019-09-21 15:49:04,406 [INFO] from play.core.server.AkkaHttpServer in Thread-0 - Listening for HTTP on /0:0:0:0:0:0:0:0:8080
2019-09-21 15:49:05,742 [INFO] from controllers.jpro in application-akka.actor.default-dispatcher-8 - application requested: 0!default
2019-09-21 15:49:05,755 [INFO] from controllers.jpro in application-akka.actor.default-dispatcher-8 - Creating Application: 0!default
2019-09-21 15:49:05,758 [INFO] from controllers.jpro in application-akka.actor.default-dispatcher-8 - remoteAddress 0:0:0:0:0:0:0:1
2019-09-21 15:49:05,758 [INFO] from controllers.jpro in application-akka.actor.default-dispatcher-8 - host          localhost:8080
2019-09-21 15:49:05,758 [INFO] from controllers.jpro in application-akka.actor.default-dispatcher-8 - uri           /app/0!default
2019-09-21 15:49:07,299 [INFO] from com.jpro.internal.server.ViewSerializerActor in JavaFX Application Thread - appdef: AppByMain(default,view.Spike1View,None,NamedClassLoader(system),false) clientinfo: ClientInfo(http://localhost:8080/,http://localhost:8080/app/default,1422.0,686.0,false,en-US,List(en-US, en),Map(Webstorm-ceec828d -> a1caae6d-77c6-4339-b1de-ea06d79455b1, _ga -> GA1.1.297596926.1564974935))out: Actor[akka://application/system/StreamSupervisor-0/flow-6-2-actorRefSource#1707376126]
2019-09-21 15:49:07,857 [INFO] from com.jpro.JS in JavaFX Application Thread - received msg: new MainID: 1945 userid: 244896913
2019-09-21 15:54:27,948 [INFO] from akka.event.slf4j.Slf4jLogger in application-akka.actor.default-dispatcher-2 - Slf4jLogger started
2019-09-21 15:54:28,211 [INFO] from com.jpro.activity in Thread-0 - Starting the server
2019-09-21 15:54:28,212 [INFO] from com.jpro.internal.server.Initializer$ in Thread-0 -  *** Starting JPro: https://www.jpro.one/ ***
2019-09-21 15:54:28,212 [INFO] from com.jpro.internal.server.Initializer$ in Thread-0 - OS: Mac OS X
2019-09-21 15:54:28,224 [INFO] from com.jpro.internal.server.Initializer$ in Thread-0 - JPro: 2019.1.2
2019-09-21 15:54:28,224 [INFO] from com.jpro.internal.server.Initializer$ in Thread-0 - Java version: 1.8.0_211
2019-09-21 15:54:28,224 [INFO] from com.jpro.internal.server.Initializer$ in Thread-0 - JVM: 1.8.0_211 Oracle Corporation
2019-09-21 15:54:28,246 [INFO] from com.jpro.internal.server.Initializer$ in Thread-0 - redirected OUT / ERR
2019-09-21 15:54:28,246 [INFO] from com.jpro.internal.server.Initializer$ in Thread-0 - installed SLF4JBridge
2019-09-21 15:54:28,270 [INFO] from com.jpro.internal.server.MonocleInitializer$ in Thread-0 - screen: null
2019-09-21 15:54:28,689 [INFO] from com.jpro.internal.server.Initializer$ in Thread-0 - finished init!
2019-09-21 15:54:28,713 [INFO] from com.jpro.internal.server.Initializer$ in JavaFX Application Thread - JavaFX version: 8.0.211-b10
2019-09-21 15:54:28,745 [INFO] from com.jpro.internal.chart.model.DynamicDataModel in JavaFX Application Thread - Started Monitoring chart data...
2019-09-21 15:54:29,025 [INFO] from com.jpro.internal.chart.model.ChartJSONImExporter in JavaFX Application Thread - Imported chart data Sat Sep 21 15:54:28 MST 2019
2019-09-21 15:54:29,282 [INFO] from play.api.Play in Thread-0 - Application started (Prod)
2019-09-21 15:54:29,891 [INFO] from play.core.server.AkkaHttpServer in Thread-0 - Listening for HTTP on /0:0:0:0:0:0:0:0:8080
2019-09-21 15:54:30,810 [INFO] from controllers.jpro in application-akka.actor.default-dispatcher-3 - application requested: 0!default
2019-09-21 15:54:30,821 [INFO] from controllers.jpro in application-akka.actor.default-dispatcher-3 - Creating Application: 0!default
2019-09-21 15:54:30,825 [INFO] from controllers.jpro in application-akka.actor.default-dispatcher-3 - remoteAddress 0:0:0:0:0:0:0:1
2019-09-21 15:54:30,825 [INFO] from controllers.jpro in application-akka.actor.default-dispatcher-3 - host          localhost:8080
2019-09-21 15:54:30,825 [INFO] from controllers.jpro in application-akka.actor.default-dispatcher-3 - uri           /app/0!default
2019-09-21 15:54:31,960 [INFO] from com.jpro.internal.server.ViewSerializerActor in JavaFX Application Thread - appdef: AppByMain(default,view.Spike1View,None,NamedClassLoader(system),false) clientinfo: ClientInfo(http://localhost:8080/,http://localhost:8080/app/default,1422.0,686.0,false,en-US,List(en-US, en),Map(Webstorm-ceec828d -> a1caae6d-77c6-4339-b1de-ea06d79455b1, _ga -> GA1.1.297596926.1564974935))out: Actor[akka://application/system/StreamSupervisor-0/flow-6-2-actorRefSource#788381030]
2019-09-21 15:54:32,451 [INFO] from com.jpro.JS in JavaFX Application Thread - received msg: new MainID: 1663 userid: 830194254
2019-09-21 15:54:47,641 [INFO] from com.jpro.internal.stats.ViewInfo$ in JavaFX Application Thread - 
2019-09-21 15:54:47,641 [INFO] from com.jpro.internal.stats.ViewInfo$ in JavaFX Application Thread - Application closed:
2019-09-21 15:54:47,642 [INFO] from com.jpro.internal.stats.ViewInfo$ in JavaFX Application Thread - startTime      : Sat Sep 21 15:54:47 MST 2019      
2019-09-21 15:54:47,643 [INFO] from com.jpro.internal.stats.ViewInfo$ in JavaFX Application Thread - averageLatency : 00:00:00.018 
2019-09-21 15:54:47,643 [INFO] from com.jpro.internal.stats.ViewInfo$ in JavaFX Application Thread - averageJitter  : 00:00:00.001  
2019-09-21 15:54:47,644 [INFO] from com.jpro.internal.stats.ViewInfo$ in JavaFX Application Thread - framerateServer: 00:00:00.000
2019-09-21 15:54:47,645 [INFO] from com.jpro.internal.stats.ViewInfo$ in JavaFX Application Thread - framerateClient: 00:00:00.000
2019-09-21 15:54:47,645 [INFO] from com.jpro.internal.stats.ViewInfo$ in JavaFX Application Thread - raw            : 110745
2019-09-21 15:54:47,645 [INFO] from com.jpro.internal.stats.ViewInfo$ in JavaFX Application Thread - zipped         : 22809
2019-09-21 15:54:47,645 [INFO] from com.jpro.internal.stats.ViewInfo$ in JavaFX Application Thread - 
2019-09-21 15:55:44,650 [INFO] from akka.event.slf4j.Slf4jLogger in application-akka.actor.default-dispatcher-2 - Slf4jLogger started
2019-09-21 15:55:44,927 [INFO] from com.jpro.activity in Thread-0 - Starting the server
2019-09-21 15:55:44,927 [INFO] from com.jpro.internal.server.Initializer$ in Thread-0 -  *** Starting JPro: https://www.jpro.one/ ***
2019-09-21 15:55:44,927 [INFO] from com.jpro.internal.server.Initializer$ in Thread-0 - OS: Mac OS X
2019-09-21 15:55:44,939 [INFO] from com.jpro.internal.server.Initializer$ in Thread-0 - JPro: 2019.1.2
2019-09-21 15:55:44,939 [INFO] from com.jpro.internal.server.Initializer$ in Thread-0 - Java version: 1.8.0_211
2019-09-21 15:55:44,939 [INFO] from com.jpro.internal.server.Initializer$ in Thread-0 - JVM: 1.8.0_211 Oracle Corporation
2019-09-21 15:55:44,962 [INFO] from com.jpro.internal.server.Initializer$ in Thread-0 - redirected OUT / ERR
2019-09-21 15:55:44,962 [INFO] from com.jpro.internal.server.Initializer$ in Thread-0 - installed SLF4JBridge
2019-09-21 15:55:44,989 [INFO] from com.jpro.internal.server.MonocleInitializer$ in Thread-0 - screen: null
2019-09-21 15:55:45,433 [INFO] from com.jpro.internal.server.Initializer$ in Thread-0 - finished init!
2019-09-21 15:55:45,458 [INFO] from com.jpro.internal.server.Initializer$ in JavaFX Application Thread - JavaFX version: 8.0.211-b10
2019-09-21 15:55:45,491 [INFO] from com.jpro.internal.chart.model.DynamicDataModel in JavaFX Application Thread - Started Monitoring chart data...
2019-09-21 15:55:45,773 [INFO] from com.jpro.internal.chart.model.ChartJSONImExporter in JavaFX Application Thread - Imported chart data Sat Sep 21 15:55:45 MST 2019
2019-09-21 15:55:46,015 [INFO] from play.api.Play in Thread-0 - Application started (Prod)
2019-09-21 15:55:46,609 [INFO] from play.core.server.AkkaHttpServer in Thread-0 - Listening for HTTP on /0:0:0:0:0:0:0:0:8080
2019-09-21 15:55:47,534 [INFO] from controllers.jpro in application-akka.actor.default-dispatcher-6 - application requested: 0!default
2019-09-21 15:55:47,546 [INFO] from controllers.jpro in application-akka.actor.default-dispatcher-6 - Creating Application: 0!default
2019-09-21 15:55:47,550 [INFO] from controllers.jpro in application-akka.actor.default-dispatcher-6 - remoteAddress 0:0:0:0:0:0:0:1
2019-09-21 15:55:47,550 [INFO] from controllers.jpro in application-akka.actor.default-dispatcher-6 - host          localhost:8080
2019-09-21 15:55:47,550 [INFO] from controllers.jpro in application-akka.actor.default-dispatcher-6 - uri           /app/0!default
2019-09-21 15:55:48,704 [INFO] from com.jpro.internal.server.ViewSerializerActor in JavaFX Application Thread - appdef: AppByMain(default,view.Spike1View,None,NamedClassLoader(system),false) clientinfo: ClientInfo(http://localhost:8080/,http://localhost:8080/app/default,1422.0,686.0,false,en-US,List(en-US, en),Map(Webstorm-ceec828d -> a1caae6d-77c6-4339-b1de-ea06d79455b1, _ga -> GA1.1.297596926.1564974935))out: Actor[akka://application/system/StreamSupervisor-0/flow-6-2-actorRefSource#377604289]
2019-09-21 15:55:49,218 [INFO] from com.jpro.JS in JavaFX Application Thread - received msg: new MainID: 1663 userid: 801141083
2019-09-21 15:55:59,551 [INFO] from com.jpro.internal.stats.ViewInfo$ in JavaFX Application Thread - 
2019-09-21 15:55:59,551 [INFO] from com.jpro.internal.stats.ViewInfo$ in JavaFX Application Thread - Application closed:
2019-09-21 15:55:59,552 [INFO] from com.jpro.internal.stats.ViewInfo$ in JavaFX Application Thread - startTime      : Sat Sep 21 15:55:59 MST 2019      
2019-09-21 15:55:59,553 [INFO] from com.jpro.internal.stats.ViewInfo$ in JavaFX Application Thread - averageLatency : 00:00:00.018 
2019-09-21 15:55:59,553 [INFO] from com.jpro.internal.stats.ViewInfo$ in JavaFX Application Thread - averageJitter  : 00:00:00.000  
2019-09-21 15:55:59,553 [INFO] from com.jpro.internal.stats.ViewInfo$ in JavaFX Application Thread - framerateServer: 00:00:00.000
2019-09-21 15:55:59,555 [INFO] from com.jpro.internal.stats.ViewInfo$ in JavaFX Application Thread - framerateClient: 00:00:00.000
2019-09-21 15:55:59,555 [INFO] from com.jpro.internal.stats.ViewInfo$ in JavaFX Application Thread - raw            : 110745
2019-09-21 15:55:59,556 [INFO] from com.jpro.internal.stats.ViewInfo$ in JavaFX Application Thread - zipped         : 23114
2019-09-21 15:55:59,556 [INFO] from com.jpro.internal.stats.ViewInfo$ in JavaFX Application Thread - 
2019-09-21 15:56:08,404 [INFO] from com.jpro.internal.communicator.InstanceImpl in JavaFX Application Thread - closing window!
2019-09-21 16:10:26,549 [INFO] from akka.event.slf4j.Slf4jLogger in application-akka.actor.default-dispatcher-3 - Slf4jLogger started
2019-09-21 16:10:26,776 [INFO] from com.jpro.activity in Thread-0 - Starting the server
2019-09-21 16:10:26,776 [INFO] from com.jpro.internal.server.Initializer$ in Thread-0 -  *** Starting JPro: https://www.jpro.one/ ***
2019-09-21 16:10:26,777 [INFO] from com.jpro.internal.server.Initializer$ in Thread-0 - OS: Mac OS X
2019-09-21 16:10:26,786 [INFO] from com.jpro.internal.server.Initializer$ in Thread-0 - JPro: 2019.1.2
2019-09-21 16:10:26,787 [INFO] from com.jpro.internal.server.Initializer$ in Thread-0 - Java version: 1.8.0_211
2019-09-21 16:10:26,787 [INFO] from com.jpro.internal.server.Initializer$ in Thread-0 - JVM: 1.8.0_211 Oracle Corporation
2019-09-21 16:10:26,803 [INFO] from com.jpro.internal.server.Initializer$ in Thread-0 - redirected OUT / ERR
2019-09-21 16:10:26,803 [INFO] from com.jpro.internal.server.Initializer$ in Thread-0 - installed SLF4JBridge
2019-09-21 16:10:26,822 [INFO] from com.jpro.internal.server.MonocleInitializer$ in Thread-0 - screen: null
2019-09-21 16:10:27,167 [INFO] from com.jpro.internal.server.Initializer$ in Thread-0 - finished init!
2019-09-21 16:10:27,185 [INFO] from com.jpro.internal.server.Initializer$ in JavaFX Application Thread - JavaFX version: 8.0.211-b10
2019-09-21 16:10:27,213 [INFO] from com.jpro.internal.chart.model.DynamicDataModel in JavaFX Application Thread - Started Monitoring chart data...
2019-09-21 16:10:27,432 [INFO] from com.jpro.internal.chart.model.ChartJSONImExporter in JavaFX Application Thread - Imported chart data Sat Sep 21 16:10:27 MST 2019
2019-09-21 16:10:27,641 [INFO] from play.api.Play in Thread-0 - Application started (Prod)
2019-09-21 16:10:28,182 [INFO] from play.core.server.AkkaHttpServer in Thread-0 - Listening for HTTP on /0:0:0:0:0:0:0:0:8080
2019-09-21 16:10:29,104 [INFO] from controllers.jpro in application-akka.actor.default-dispatcher-3 - application requested: 0!default
2019-09-21 16:10:29,114 [INFO] from controllers.jpro in application-akka.actor.default-dispatcher-3 - Creating Application: 0!default
2019-09-21 16:10:29,117 [INFO] from controllers.jpro in application-akka.actor.default-dispatcher-3 - remoteAddress 0:0:0:0:0:0:0:1
2019-09-21 16:10:29,118 [INFO] from controllers.jpro in application-akka.actor.default-dispatcher-3 - host          localhost:8080
2019-09-21 16:10:29,118 [INFO] from controllers.jpro in application-akka.actor.default-dispatcher-3 - uri           /app/0!default
2019-09-21 16:10:30,177 [INFO] from com.jpro.internal.server.ViewSerializerActor in JavaFX Application Thread - appdef: AppByMain(default,view.Spike1View,None,NamedClassLoader(system),false) clientinfo: ClientInfo(http://localhost:8080/,http://localhost:8080/app/default,1422.0,686.0,false,en-US,List(en-US, en),Map(Webstorm-ceec828d -> a1caae6d-77c6-4339-b1de-ea06d79455b1, _ga -> GA1.1.297596926.1564974935))out: Actor[akka://application/system/StreamSupervisor-0/flow-6-2-actorRefSource#765853869]
2019-09-21 16:10:30,617 [INFO] from com.jpro.JS in JavaFX Application Thread - received msg: new MainID: 1663 userid: 1040574007
2019-09-21 16:10:50,920 [INFO] from com.jpro.internal.stats.ViewInfo$ in JavaFX Application Thread - 
2019-09-21 16:10:50,920 [INFO] from com.jpro.internal.stats.ViewInfo$ in JavaFX Application Thread - Application closed:
2019-09-21 16:10:50,921 [INFO] from com.jpro.internal.stats.ViewInfo$ in JavaFX Application Thread - startTime      : Sat Sep 21 16:10:50 MST 2019      
2019-09-21 16:10:50,921 [INFO] from com.jpro.internal.stats.ViewInfo$ in JavaFX Application Thread - averageLatency : 00:00:00.019 
2019-09-21 16:10:50,921 [INFO] from com.jpro.internal.stats.ViewInfo$ in JavaFX Application Thread - averageJitter  : 00:00:00.001  
2019-09-21 16:10:50,922 [INFO] from com.jpro.internal.stats.ViewInfo$ in JavaFX Application Thread - framerateServer: 00:00:00.000
2019-09-21 16:10:50,923 [INFO] from com.jpro.internal.stats.ViewInfo$ in JavaFX Application Thread - framerateClient: 00:00:00.000
2019-09-21 16:10:50,923 [INFO] from com.jpro.internal.stats.ViewInfo$ in JavaFX Application Thread - raw            : 155818
2019-09-21 16:10:50,923 [INFO] from com.jpro.internal.stats.ViewInfo$ in JavaFX Application Thread - zipped         : 35547
2019-09-21 16:10:50,923 [INFO] from com.jpro.internal.stats.ViewInfo$ in JavaFX Application Thread - 
2019-09-23 18:08:34,305 [INFO] from akka.event.slf4j.Slf4jLogger in application-akka.actor.default-dispatcher-2 - Slf4jLogger started
2019-09-23 18:08:34,535 [INFO] from com.jpro.activity in Thread-0 - Starting the server
2019-09-23 18:08:34,535 [INFO] from com.jpro.internal.server.Initializer$ in Thread-0 -  *** Starting JPro: https://www.jpro.one/ ***
2019-09-23 18:08:34,535 [INFO] from com.jpro.internal.server.Initializer$ in Thread-0 - OS: Mac OS X
2019-09-23 18:08:34,544 [INFO] from com.jpro.internal.server.Initializer$ in Thread-0 - JPro: 2019.1.2
2019-09-23 18:08:34,544 [INFO] from com.jpro.internal.server.Initializer$ in Thread-0 - Java version: 1.8.0_211
2019-09-23 18:08:34,544 [INFO] from com.jpro.internal.server.Initializer$ in Thread-0 - JVM: 1.8.0_211 Oracle Corporation
2019-09-23 18:08:34,563 [INFO] from com.jpro.internal.server.Initializer$ in Thread-0 - redirected OUT / ERR
2019-09-23 18:08:34,563 [INFO] from com.jpro.internal.server.Initializer$ in Thread-0 - installed SLF4JBridge
2019-09-23 18:08:34,582 [INFO] from com.jpro.internal.server.MonocleInitializer$ in Thread-0 - screen: null
2019-09-23 18:08:34,924 [INFO] from com.jpro.internal.server.Initializer$ in Thread-0 - finished init!
2019-09-23 18:08:34,944 [INFO] from com.jpro.internal.server.Initializer$ in JavaFX Application Thread - JavaFX version: 8.0.211-b10
2019-09-23 18:08:34,969 [INFO] from com.jpro.internal.chart.model.DynamicDataModel in JavaFX Application Thread - Started Monitoring chart data...
2019-09-23 18:08:35,176 [INFO] from com.jpro.internal.chart.model.ChartJSONImExporter in JavaFX Application Thread - Imported chart data Mon Sep 23 18:08:34 MST 2019
2019-09-23 18:08:35,382 [INFO] from play.api.Play in Thread-0 - Application started (Prod)
2019-09-23 18:08:35,915 [INFO] from play.core.server.AkkaHttpServer in Thread-0 - Listening for HTTP on /0:0:0:0:0:0:0:0:8080
2019-09-23 18:08:37,407 [INFO] from controllers.jpro in application-akka.actor.default-dispatcher-7 - application requested: 0!default
2019-09-23 18:08:37,419 [INFO] from controllers.jpro in application-akka.actor.default-dispatcher-7 - Creating Application: 0!default
2019-09-23 18:08:37,422 [INFO] from controllers.jpro in application-akka.actor.default-dispatcher-7 - remoteAddress 0:0:0:0:0:0:0:1
2019-09-23 18:08:37,422 [INFO] from controllers.jpro in application-akka.actor.default-dispatcher-7 - host          localhost:8080
2019-09-23 18:08:37,422 [INFO] from controllers.jpro in application-akka.actor.default-dispatcher-7 - uri           /app/0!default
2019-09-23 18:08:38,448 [INFO] from com.jpro.internal.server.ViewSerializerActor in JavaFX Application Thread - appdef: AppByMain(default,view.Spike1View,None,NamedClassLoader(system),false) clientinfo: ClientInfo(http://localhost:8080/,http://localhost:8080/app/default,1422.0,686.0,false,en-US,List(en-US, en),Map(Webstorm-ceec828d -> a1caae6d-77c6-4339-b1de-ea06d79455b1, _ga -> GA1.1.297596926.1564974935))out: Actor[akka://application/system/StreamSupervisor-0/flow-6-2-actorRefSource#-1520428507]
2019-09-23 18:08:38,870 [INFO] from com.jpro.JS in JavaFX Application Thread - received msg: new MainID: 1663 userid: 1236928576
2019-09-23 18:08:50,492 [INFO] from com.jpro.internal.stats.ViewInfo$ in JavaFX Application Thread - 
2019-09-23 18:08:50,492 [INFO] from com.jpro.internal.stats.ViewInfo$ in JavaFX Application Thread - Application closed:
2019-09-23 18:08:50,492 [INFO] from com.jpro.internal.stats.ViewInfo$ in JavaFX Application Thread - startTime      : Mon Sep 23 18:08:50 MST 2019      
2019-09-23 18:08:50,493 [INFO] from com.jpro.internal.stats.ViewInfo$ in JavaFX Application Thread - averageLatency : 00:00:00.019 
2019-09-23 18:08:50,493 [INFO] from com.jpro.internal.stats.ViewInfo$ in JavaFX Application Thread - averageJitter  : 00:00:00.001  
2019-09-23 18:08:50,493 [INFO] from com.jpro.internal.stats.ViewInfo$ in JavaFX Application Thread - framerateServer: 00:00:00.000
2019-09-23 18:08:50,494 [INFO] from com.jpro.internal.stats.ViewInfo$ in JavaFX Application Thread - framerateClient: 00:00:00.000
2019-09-23 18:08:50,494 [INFO] from com.jpro.internal.stats.ViewInfo$ in JavaFX Application Thread - raw            : 156332
2019-09-23 18:08:50,494 [INFO] from com.jpro.internal.stats.ViewInfo$ in JavaFX Application Thread - zipped         : 35844
2019-09-23 18:08:50,494 [INFO] from com.jpro.internal.stats.ViewInfo$ in JavaFX Application Thread - 
2019-09-23 18:08:59,709 [INFO] from com.jpro.internal.communicator.InstanceImpl in JavaFX Application Thread - closing window!
2019-09-23 18:21:53,854 [INFO] from akka.event.slf4j.Slf4jLogger in application-akka.actor.default-dispatcher-2 - Slf4jLogger started
2019-09-23 18:21:54,047 [INFO] from com.jpro.activity in Thread-0 - Starting the server
2019-09-23 18:21:54,047 [INFO] from com.jpro.internal.server.Initializer$ in Thread-0 -  *** Starting JPro: https://www.jpro.one/ ***
2019-09-23 18:21:54,047 [INFO] from com.jpro.internal.server.Initializer$ in Thread-0 - OS: Mac OS X
2019-09-23 18:21:54,056 [INFO] from com.jpro.internal.server.Initializer$ in Thread-0 - JPro: 2019.1.2
2019-09-23 18:21:54,056 [INFO] from com.jpro.internal.server.Initializer$ in Thread-0 - Java version: 1.8.0_211
2019-09-23 18:21:54,056 [INFO] from com.jpro.internal.server.Initializer$ in Thread-0 - JVM: 1.8.0_211 Oracle Corporation
2019-09-23 18:21:54,074 [INFO] from com.jpro.internal.server.Initializer$ in Thread-0 - redirected OUT / ERR
2019-09-23 18:21:54,074 [INFO] from com.jpro.internal.server.Initializer$ in Thread-0 - installed SLF4JBridge
2019-09-23 18:21:54,093 [INFO] from com.jpro.internal.server.MonocleInitializer$ in Thread-0 - screen: null
2019-09-23 18:21:54,427 [INFO] from com.jpro.internal.server.Initializer$ in Thread-0 - finished init!
2019-09-23 18:21:54,446 [INFO] from com.jpro.internal.server.Initializer$ in JavaFX Application Thread - JavaFX version: 8.0.211-b10
2019-09-23 18:21:54,473 [INFO] from com.jpro.internal.chart.model.DynamicDataModel in JavaFX Application Thread - Started Monitoring chart data...
2019-09-23 18:21:54,668 [INFO] from com.jpro.internal.chart.model.ChartJSONImExporter in JavaFX Application Thread - Imported chart data Mon Sep 23 18:21:54 MST 2019
2019-09-23 18:21:54,854 [INFO] from play.api.Play in Thread-0 - Application started (Prod)
2019-09-23 18:21:55,398 [INFO] from play.core.server.AkkaHttpServer in Thread-0 - Listening for HTTP on /0:0:0:0:0:0:0:0:8080
2019-09-23 18:21:56,290 [INFO] from controllers.jpro in application-akka.actor.default-dispatcher-4 - application requested: 0!default
2019-09-23 18:21:56,300 [INFO] from controllers.jpro in application-akka.actor.default-dispatcher-4 - Creating Application: 0!default
2019-09-23 18:21:56,303 [INFO] from controllers.jpro in application-akka.actor.default-dispatcher-4 - remoteAddress 0:0:0:0:0:0:0:1
2019-09-23 18:21:56,303 [INFO] from controllers.jpro in application-akka.actor.default-dispatcher-4 - host          localhost:8080
2019-09-23 18:21:56,303 [INFO] from controllers.jpro in application-akka.actor.default-dispatcher-4 - uri           /app/0!default
2019-09-23 18:21:57,344 [INFO] from com.jpro.internal.server.ViewSerializerActor in JavaFX Application Thread - appdef: AppByMain(default,view.Spike1View,None,NamedClassLoader(system),false) clientinfo: ClientInfo(http://localhost:8080/,http://localhost:8080/app/default,1422.0,770.0,false,en-US,List(en-US, en),Map(Webstorm-ceec828d -> a1caae6d-77c6-4339-b1de-ea06d79455b1, _ga -> GA1.1.297596926.1564974935))out: Actor[akka://application/system/StreamSupervisor-0/flow-6-2-actorRefSource#-47733971]
2019-09-23 18:21:57,792 [INFO] from com.jpro.JS in JavaFX Application Thread - received msg: new MainID: 1663 userid: 666048062
2019-09-23 18:22:19,450 [INFO] from com.jpro.internal.stats.ViewInfo$ in JavaFX Application Thread - 
2019-09-23 18:22:19,450 [INFO] from com.jpro.internal.stats.ViewInfo$ in JavaFX Application Thread - Application closed:
2019-09-23 18:22:19,450 [INFO] from com.jpro.internal.stats.ViewInfo$ in JavaFX Application Thread - startTime      : Mon Sep 23 18:22:19 MST 2019      
2019-09-23 18:22:19,451 [INFO] from com.jpro.internal.stats.ViewInfo$ in JavaFX Application Thread - averageLatency : 00:00:00.019 
2019-09-23 18:22:19,451 [INFO] from com.jpro.internal.stats.ViewInfo$ in JavaFX Application Thread - averageJitter  : 00:00:00.001  
2019-09-23 18:22:19,451 [INFO] from com.jpro.internal.stats.ViewInfo$ in JavaFX Application Thread - framerateServer: 00:00:00.000
2019-09-23 18:22:19,452 [INFO] from com.jpro.internal.stats.ViewInfo$ in JavaFX Application Thread - framerateClient: 00:00:00.000
2019-09-23 18:22:19,452 [INFO] from com.jpro.internal.stats.ViewInfo$ in JavaFX Application Thread - raw            : 175308
2019-09-23 18:22:19,452 [INFO] from com.jpro.internal.stats.ViewInfo$ in JavaFX Application Thread - zipped         : 41348
2019-09-23 18:22:19,452 [INFO] from com.jpro.internal.stats.ViewInfo$ in JavaFX Application Thread - 
2019-09-23 18:22:32,006 [INFO] from com.jpro.internal.communicator.InstanceImpl in JavaFX Application Thread - closing window!
2019-09-23 18:30:27,285 [INFO] from akka.event.slf4j.Slf4jLogger in application-akka.actor.default-dispatcher-2 - Slf4jLogger started
2019-09-23 18:30:27,505 [INFO] from com.jpro.activity in Thread-0 - Starting the server
2019-09-23 18:30:27,506 [INFO] from com.jpro.internal.server.Initializer$ in Thread-0 -  *** Starting JPro: https://www.jpro.one/ ***
2019-09-23 18:30:27,506 [INFO] from com.jpro.internal.server.Initializer$ in Thread-0 - OS: Mac OS X
2019-09-23 18:30:27,515 [INFO] from com.jpro.internal.server.Initializer$ in Thread-0 - JPro: 2019.1.2
2019-09-23 18:30:27,515 [INFO] from com.jpro.internal.server.Initializer$ in Thread-0 - Java version: 1.8.0_211
2019-09-23 18:30:27,515 [INFO] from com.jpro.internal.server.Initializer$ in Thread-0 - JVM: 1.8.0_211 Oracle Corporation
2019-09-23 18:30:27,532 [INFO] from com.jpro.internal.server.Initializer$ in Thread-0 - redirected OUT / ERR
2019-09-23 18:30:27,533 [INFO] from com.jpro.internal.server.Initializer$ in Thread-0 - installed SLF4JBridge
2019-09-23 18:30:27,551 [INFO] from com.jpro.internal.server.MonocleInitializer$ in Thread-0 - screen: null
2019-09-23 18:30:27,885 [INFO] from com.jpro.internal.server.Initializer$ in Thread-0 - finished init!
2019-09-23 18:30:27,906 [INFO] from com.jpro.internal.server.Initializer$ in JavaFX Application Thread - JavaFX version: 8.0.211-b10
2019-09-23 18:30:27,933 [INFO] from com.jpro.internal.chart.model.DynamicDataModel in JavaFX Application Thread - Started Monitoring chart data...
2019-09-23 18:30:28,125 [INFO] from com.jpro.internal.chart.model.ChartJSONImExporter in JavaFX Application Thread - Imported chart data Mon Sep 23 18:30:27 MST 2019
2019-09-23 18:30:28,308 [INFO] from play.api.Play in Thread-0 - Application started (Prod)
2019-09-23 18:30:28,835 [INFO] from play.core.server.AkkaHttpServer in Thread-0 - Listening for HTTP on /0:0:0:0:0:0:0:0:8080
2019-09-23 18:30:29,756 [INFO] from controllers.jpro in application-akka.actor.default-dispatcher-2 - application requested: 0!default
2019-09-23 18:30:29,766 [INFO] from controllers.jpro in application-akka.actor.default-dispatcher-2 - Creating Application: 0!default
2019-09-23 18:30:29,768 [INFO] from controllers.jpro in application-akka.actor.default-dispatcher-2 - remoteAddress 0:0:0:0:0:0:0:1
2019-09-23 18:30:29,768 [INFO] from controllers.jpro in application-akka.actor.default-dispatcher-2 - host          localhost:8080
2019-09-23 18:30:29,768 [INFO] from controllers.jpro in application-akka.actor.default-dispatcher-2 - uri           /app/0!default
2019-09-23 18:30:30,816 [INFO] from com.jpro.internal.server.ViewSerializerActor in JavaFX Application Thread - appdef: AppByMain(default,view.Spike1View,None,NamedClassLoader(system),false) clientinfo: ClientInfo(http://localhost:8080/,http://localhost:8080/app/default,1422.0,770.0,false,en-US,List(en-US, en),Map(Webstorm-ceec828d -> a1caae6d-77c6-4339-b1de-ea06d79455b1, _ga -> GA1.1.297596926.1564974935))out: Actor[akka://application/system/StreamSupervisor-0/flow-6-2-actorRefSource#-1353454589]
2019-09-23 18:30:31,246 [INFO] from com.jpro.JS in JavaFX Application Thread - received msg: new MainID: 1663 userid: 337273712
2019-09-23 18:30:37,686 [INFO] from com.jpro.internal.stats.ViewInfo$ in JavaFX Application Thread - 
2019-09-23 18:30:37,686 [INFO] from com.jpro.internal.stats.ViewInfo$ in JavaFX Application Thread - Application closed:
2019-09-23 18:30:37,687 [INFO] from com.jpro.internal.stats.ViewInfo$ in JavaFX Application Thread - startTime      : Mon Sep 23 18:30:37 MST 2019      
2019-09-23 18:30:37,687 [INFO] from com.jpro.internal.stats.ViewInfo$ in JavaFX Application Thread - averageLatency : 00:00:00.019 
2019-09-23 18:30:37,687 [INFO] from com.jpro.internal.stats.ViewInfo$ in JavaFX Application Thread - averageJitter  : 00:00:00.001  
2019-09-23 18:30:37,688 [INFO] from com.jpro.internal.stats.ViewInfo$ in JavaFX Application Thread - framerateServer: 00:00:00.000
2019-09-23 18:30:37,688 [INFO] from com.jpro.internal.stats.ViewInfo$ in JavaFX Application Thread - framerateClient: 00:00:00.000
2019-09-23 18:30:37,689 [INFO] from com.jpro.internal.stats.ViewInfo$ in JavaFX Application Thread - raw            : 111244
2019-09-23 18:30:37,689 [INFO] from com.jpro.internal.stats.ViewInfo$ in JavaFX Application Thread - zipped         : 23669
2019-09-23 18:30:37,689 [INFO] from com.jpro.internal.stats.ViewInfo$ in JavaFX Application Thread - 
