2019-09-20 10:35:37,264 [INFO] in scala-execution-context-global-30 - [[37minfo[0m] c.j.i.s.Initializer$ - redirected OUT / ERR
2019-09-20 10:35:37,265 [INFO] in scala-execution-context-global-30 - [[37minfo[0m] c.j.i.s.Initializer$ - installed SLF4JBridge
2019-09-20 10:35:37,265 [INFO] in scala-execution-context-global-30 - [[37minfo[0m] c.j.i.s.MonocleInitializer$ - screen: null
2019-09-20 10:35:37,265 [INFO] in scala-execution-context-global-30 - Warning: Quantum will not submit render jobs, nothing should draw
2019-09-20 10:35:37,265 [INFO] in scala-execution-context-global-30 - [[37minfo[0m] c.j.i.s.Initializer$ - finished init!
2019-09-20 10:35:37,284 [INFO] in scala-execution-context-global-30 - [[37minfo[0m] c.j.i.s.Initializer$ - JavaFX version: 8.0.211-b10
2019-09-20 10:35:37,307 [INFO] in scala-execution-context-global-30 - [[37minfo[0m] c.j.i.c.m.DynamicDataModel - Started Monitoring chart data...
2019-09-20 10:35:37,347 [INFO] in scala-execution-context-global-30 - [[37minfo[0m] c.j.i.c.m.ChartJSONImExporter - Nothing to import
2019-09-20 10:35:37,548 [INFO] in scala-execution-context-global-30 - [[37minfo[0m] play.api.Play - Application started (Prod)
2019-09-20 10:35:38,079 [INFO] in scala-execution-context-global-30 - [[37minfo[0m] p.c.s.AkkaHttpServer - Listening for HTTP on /0:0:0:0:0:0:0:0:8080
2019-09-20 10:35:40,137 [INFO] in scala-execution-context-global-30 - [[37minfo[0m] c.jpro - application requested: 0!default
2019-09-20 10:35:40,148 [INFO] in scala-execution-context-global-30 - [[37minfo[0m] c.jpro - Creating Application: 0!default
2019-09-20 10:35:40,150 [INFO] in scala-execution-context-global-30 - [[37minfo[0m] c.jpro - remoteAddress 0:0:0:0:0:0:0:1
2019-09-20 10:35:40,150 [INFO] in scala-execution-context-global-30 - [[37minfo[0m] c.jpro - host          localhost:8080
2019-09-20 10:35:40,151 [INFO] in scala-execution-context-global-30 - [[37minfo[0m] c.jpro - uri           /app/0!default
2019-09-20 10:35:41,142 [INFO] in scala-execution-context-global-30 - [[37minfo[0m] c.j.i.s.ViewSerializerActor - appdef: AppByMain(default,view.Spike1View,None,NamedClassLoader(system),false) clientinfo: ClientInfo(http://localhost:8080/,http://localhost:8080/app/default,1316.0,686.0,false,en-US,List(en-US, en),Map(Webstorm-ceec828d -> a1caae6d-77c6-4339-b1de-ea06d79455b1, _ga -> GA1.1.297596926.1564974935))out: Actor[akka://application/system/StreamSupervisor-0/flow-6-2-actorRefSource#881170846]
2019-09-20 10:35:41,592 [INFO] in scala-execution-context-global-30 - [[37minfo[0m] com.jpro.JS - received msg: new MainID: 1195 userid: 1153428401
2019-09-20 10:35:45,132 [INFO] in scala-execution-context-global-30 - [[37minfo[0m] c.j.i.s.ViewInfo$ - 
2019-09-20 10:35:45,132 [INFO] in scala-execution-context-global-30 - [[37minfo[0m] c.j.i.s.ViewInfo$ - Application closed:
2019-09-20 10:35:45,137 [INFO] in scala-execution-context-global-42 - [[37minfo[0m] c.j.i.s.ViewInfo$ - startTime      : Fri Sep 20 10:35:45 MST 2019      
2019-09-20 10:35:45,137 [INFO] in scala-execution-context-global-42 - [[37minfo[0m] c.j.i.s.ViewInfo$ - averageLatency : 00:00:00.023 
2019-09-20 10:35:45,137 [INFO] in scala-execution-context-global-30 - [[37minfo[0m] c.j.i.s.ViewInfo$ - averageJitter  : 00:00:00.022  
2019-09-20 10:35:45,138 [INFO] in scala-execution-context-global-51 - [[37minfo[0m] c.j.i.s.ViewInfo$ - framerateServer: 00:00:00.000
2019-09-20 10:35:45,138 [INFO] in scala-execution-context-global-51 - [[37minfo[0m] c.j.i.s.ViewInfo$ - framerateClient: 00:00:00.000
2019-09-20 10:35:45,139 [INFO] in scala-execution-context-global-51 - [[37minfo[0m] c.j.i.s.ViewInfo$ - raw            : 67622
2019-09-20 10:35:45,139 [INFO] in scala-execution-context-global-51 - [[37minfo[0m] c.j.i.s.ViewInfo$ - zipped         : 9886
2019-09-20 10:35:45,139 [INFO] in scala-execution-context-global-51 - [[37minfo[0m] c.j.i.s.ViewInfo$ - 
2019-09-20 10:35:51,688 [INFO] in scala-execution-context-global-51 - [[37minfo[0m] c.j.i.c.InstanceImpl - closing window!
2019-09-20 10:56:38,850 [INFO] in scala-execution-context-global-30 - [[37minfo[0m] c.j.i.s.Initializer$ - redirected OUT / ERR
2019-09-20 10:56:38,850 [INFO] in scala-execution-context-global-30 - [[37minfo[0m] c.j.i.s.Initializer$ - installed SLF4JBridge
2019-09-20 10:56:38,850 [INFO] in scala-execution-context-global-30 - [[37minfo[0m] c.j.i.s.MonocleInitializer$ - screen: null
2019-09-20 10:56:38,850 [INFO] in scala-execution-context-global-30 - Warning: Quantum will not submit render jobs, nothing should draw
2019-09-20 10:56:38,850 [INFO] in scala-execution-context-global-30 - [[37minfo[0m] c.j.i.s.Initializer$ - finished init!
2019-09-20 10:56:38,868 [INFO] in scala-execution-context-global-30 - [[37minfo[0m] c.j.i.s.Initializer$ - JavaFX version: 8.0.211-b10
2019-09-20 10:56:38,902 [INFO] in scala-execution-context-global-30 - [[37minfo[0m] c.j.i.c.m.DynamicDataModel - Started Monitoring chart data...
2019-09-20 10:56:39,169 [INFO] in scala-execution-context-global-30 - [[37minfo[0m] c.j.i.c.m.ChartJSONImExporter - Imported chart data Fri Sep 20 10:56:38 MST 2019
2019-09-20 10:56:39,399 [INFO] in scala-execution-context-global-30 - [[37minfo[0m] play.api.Play - Application started (Prod)
2019-09-20 10:56:39,980 [INFO] in scala-execution-context-global-30 - [[37minfo[0m] p.c.s.AkkaHttpServer - Listening for HTTP on /0:0:0:0:0:0:0:0:8080
2019-09-20 10:56:42,178 [INFO] in scala-execution-context-global-30 - [[37minfo[0m] c.jpro - application requested: 0!default
2019-09-20 10:56:42,188 [INFO] in scala-execution-context-global-30 - [[37minfo[0m] c.jpro - Creating Application: 0!default
2019-09-20 10:56:42,190 [INFO] in scala-execution-context-global-30 - [[37minfo[0m] c.jpro - remoteAddress 0:0:0:0:0:0:0:1
2019-09-20 10:56:42,190 [INFO] in scala-execution-context-global-30 - [[37minfo[0m] c.jpro - host          localhost:8080
2019-09-20 10:56:42,190 [INFO] in scala-execution-context-global-30 - [[37minfo[0m] c.jpro - uri           /app/0!default
2019-09-20 10:56:43,191 [INFO] in scala-execution-context-global-30 - [[37minfo[0m] c.j.i.s.ViewSerializerActor - appdef: AppByMain(default,view.Spike1View,None,NamedClassLoader(system),false) clientinfo: ClientInfo(http://localhost:8080/,http://localhost:8080/app/default,1316.0,686.0,false,en-US,List(en-US, en),Map(Webstorm-ceec828d -> a1caae6d-77c6-4339-b1de-ea06d79455b1, _ga -> GA1.1.297596926.1564974935))out: Actor[akka://application/system/StreamSupervisor-0/flow-6-2-actorRefSource#-306485174]
2019-09-20 10:56:43,643 [INFO] in scala-execution-context-global-30 - [[37minfo[0m] com.jpro.JS - received msg: new MainID: 1195 userid: 294862481
2019-09-20 10:56:51,089 [INFO] in scala-execution-context-global-30 - [[37minfo[0m] c.j.i.s.ViewInfo$ - 
2019-09-20 10:56:51,089 [INFO] in scala-execution-context-global-30 - [[37minfo[0m] c.j.i.s.ViewInfo$ - Application closed:
2019-09-20 10:56:51,092 [INFO] in scala-execution-context-global-30 - [[37minfo[0m] c.j.i.s.ViewInfo$ - startTime      : Fri Sep 20 10:56:51 MST 2019      
2019-09-20 10:56:51,092 [INFO] in scala-execution-context-global-42 - [[37minfo[0m] c.j.i.s.ViewInfo$ - averageLatency : 00:00:00.020 
2019-09-20 10:56:51,093 [INFO] in scala-execution-context-global-30 - [[37minfo[0m] c.j.i.s.ViewInfo$ - averageJitter  : 00:00:00.024  
2019-09-20 10:56:51,094 [INFO] in scala-execution-context-global-51 - [[37minfo[0m] c.j.i.s.ViewInfo$ - framerateServer: 00:00:00.000
2019-09-20 10:56:51,096 [INFO] in scala-execution-context-global-30 - [[37minfo[0m] c.j.i.s.ViewInfo$ - framerateClient: 00:00:00.000
2019-09-20 10:56:51,098 [INFO] in scala-execution-context-global-52 - [[37minfo[0m] c.j.i.s.ViewInfo$ - raw            : 65062
2019-09-20 10:56:51,100 [INFO] in scala-execution-context-global-30 - [[37minfo[0m] c.j.i.s.ViewInfo$ - zipped         : 9007
2019-09-20 10:56:51,100 [INFO] in scala-execution-context-global-30 - [[37minfo[0m] c.j.i.s.ViewInfo$ - 
2019-09-20 10:56:58,921 [INFO] in scala-execution-context-global-55 - [[37minfo[0m] c.j.i.c.InstanceImpl - closing window!
2019-09-20 11:16:11,445 [INFO] in scala-execution-context-global-30 - [[37minfo[0m] c.j.i.s.Initializer$ - redirected OUT / ERR
2019-09-20 11:16:11,445 [INFO] in scala-execution-context-global-30 - [[37minfo[0m] c.j.i.s.Initializer$ - installed SLF4JBridge
2019-09-20 11:16:11,445 [INFO] in scala-execution-context-global-30 - [[37minfo[0m] c.j.i.s.MonocleInitializer$ - screen: null
2019-09-20 11:16:11,445 [INFO] in scala-execution-context-global-30 - Warning: Quantum will not submit render jobs, nothing should draw
2019-09-20 11:16:11,445 [INFO] in scala-execution-context-global-30 - [[37minfo[0m] c.j.i.s.Initializer$ - finished init!
2019-09-20 11:16:11,466 [INFO] in scala-execution-context-global-30 - [[37minfo[0m] c.j.i.s.Initializer$ - JavaFX version: 8.0.211-b10
2019-09-20 11:16:11,493 [INFO] in scala-execution-context-global-30 - [[37minfo[0m] c.j.i.c.m.DynamicDataModel - Started Monitoring chart data...
2019-09-20 11:16:11,727 [INFO] in scala-execution-context-global-30 - [[37minfo[0m] c.j.i.c.m.ChartJSONImExporter - Imported chart data Fri Sep 20 11:16:11 MST 2019
2019-09-20 11:16:11,920 [INFO] in scala-execution-context-global-30 - [[37minfo[0m] play.api.Play - Application started (Prod)
2019-09-20 11:16:12,446 [INFO] in scala-execution-context-global-30 - [[37minfo[0m] p.c.s.AkkaHttpServer - Listening for HTTP on /0:0:0:0:0:0:0:0:8080
2019-09-20 11:16:13,335 [INFO] in scala-execution-context-global-30 - [[37minfo[0m] c.jpro - application requested: 0!default
2019-09-20 11:16:13,349 [INFO] in scala-execution-context-global-30 - [[37minfo[0m] c.jpro - Creating Application: 0!default
2019-09-20 11:16:13,352 [INFO] in scala-execution-context-global-30 - [[37minfo[0m] c.jpro - remoteAddress 0:0:0:0:0:0:0:1
2019-09-20 11:16:13,352 [INFO] in scala-execution-context-global-42 - [[37minfo[0m] c.jpro - host          localhost:8080
2019-09-20 11:16:13,353 [INFO] in scala-execution-context-global-42 - [[37minfo[0m] c.jpro - uri           /app/0!default
2019-09-20 11:16:14,359 [INFO] in scala-execution-context-global-42 - [[37minfo[0m] c.j.i.s.ViewSerializerActor - appdef: AppByMain(default,view.Spike1View,None,NamedClassLoader(system),false) clientinfo: ClientInfo(http://localhost:8080/,http://localhost:8080/app/default,1316.0,686.0,false,en-US,List(en-US, en),Map(Webstorm-ceec828d -> a1caae6d-77c6-4339-b1de-ea06d79455b1, _ga -> GA1.1.297596926.1564974935))out: Actor[akka://application/system/StreamSupervisor-0/flow-6-2-actorRefSource#-162639011]
2019-09-20 11:16:14,831 [INFO] in scala-execution-context-global-42 - [[37minfo[0m] com.jpro.JS - received msg: new MainID: 1195 userid: 439776897
2019-09-20 11:16:21,735 [INFO] in scala-execution-context-global-42 - Rick Mercer
2019-09-20 11:16:24,720 [INFO] in scala-execution-context-global-42 - [[37minfo[0m] c.j.i.s.ViewInfo$ - 
2019-09-20 11:16:24,720 [INFO] in scala-execution-context-global-42 - [[37minfo[0m] c.j.i.s.ViewInfo$ - Application closed:
2019-09-20 11:16:24,723 [INFO] in scala-execution-context-global-30 - [[37minfo[0m] c.j.i.s.ViewInfo$ - startTime      : Fri Sep 20 11:16:24 MST 2019      
2019-09-20 11:16:24,724 [INFO] in scala-execution-context-global-30 - [[37minfo[0m] c.j.i.s.ViewInfo$ - averageLatency : 00:00:00.019 
2019-09-20 11:16:24,724 [INFO] in scala-execution-context-global-42 - [[37minfo[0m] c.j.i.s.ViewInfo$ - averageJitter  : 00:00:00.001  
2019-09-20 11:16:24,725 [INFO] in scala-execution-context-global-30 - [[37minfo[0m] c.j.i.s.ViewInfo$ - framerateServer: 00:00:00.000
2019-09-20 11:16:24,726 [INFO] in scala-execution-context-global-51 - [[37minfo[0m] c.j.i.s.ViewInfo$ - framerateClient: 00:00:00.000
2019-09-20 11:16:24,726 [INFO] in scala-execution-context-global-30 - [[37minfo[0m] c.j.i.s.ViewInfo$ - raw            : 113728
2019-09-20 11:16:24,726 [INFO] in scala-execution-context-global-52 - [[37minfo[0m] c.j.i.s.ViewInfo$ - zipped         : 23453
2019-09-20 11:16:24,726 [INFO] in scala-execution-context-global-42 - [[37minfo[0m] c.j.i.s.ViewInfo$ - 
2019-09-20 11:16:33,367 [INFO] in scala-execution-context-global-30 - [[37minfo[0m] c.j.i.c.InstanceImpl - closing window!
2019-09-20 11:27:21,431 [INFO] in scala-execution-context-global-30 - [[37minfo[0m] c.j.i.s.Initializer$ - redirected OUT / ERR
2019-09-20 11:27:21,431 [INFO] in scala-execution-context-global-30 - [[37minfo[0m] c.j.i.s.Initializer$ - installed SLF4JBridge
2019-09-20 11:27:21,431 [INFO] in scala-execution-context-global-30 - [[37minfo[0m] c.j.i.s.MonocleInitializer$ - screen: null
2019-09-20 11:27:21,431 [INFO] in scala-execution-context-global-30 - Warning: Quantum will not submit render jobs, nothing should draw
2019-09-20 11:27:21,431 [INFO] in scala-execution-context-global-30 - [[37minfo[0m] c.j.i.s.Initializer$ - finished init!
2019-09-20 11:27:21,449 [INFO] in scala-execution-context-global-30 - [[37minfo[0m] c.j.i.s.Initializer$ - JavaFX version: 8.0.211-b10
2019-09-20 11:27:21,475 [INFO] in scala-execution-context-global-30 - [[37minfo[0m] c.j.i.c.m.DynamicDataModel - Started Monitoring chart data...
2019-09-20 11:27:21,714 [INFO] in scala-execution-context-global-30 - [[37minfo[0m] c.j.i.c.m.ChartJSONImExporter - Imported chart data Fri Sep 20 11:27:21 MST 2019
2019-09-20 11:27:21,911 [INFO] in scala-execution-context-global-30 - [[37minfo[0m] play.api.Play - Application started (Prod)
2019-09-20 11:27:22,427 [INFO] in scala-execution-context-global-30 - [[37minfo[0m] p.c.s.AkkaHttpServer - Listening for HTTP on /0:0:0:0:0:0:0:0:8080
2019-09-20 11:27:24,185 [INFO] in scala-execution-context-global-30 - [[37minfo[0m] c.jpro - application requested: 0!default
2019-09-20 11:27:24,197 [INFO] in scala-execution-context-global-30 - [[37minfo[0m] c.jpro - Creating Application: 0!default
2019-09-20 11:27:24,199 [INFO] in scala-execution-context-global-30 - [[37minfo[0m] c.jpro - remoteAddress 0:0:0:0:0:0:0:1
2019-09-20 11:27:24,199 [INFO] in scala-execution-context-global-30 - [[37minfo[0m] c.jpro - host          localhost:8080
2019-09-20 11:27:24,200 [INFO] in scala-execution-context-global-30 - [[37minfo[0m] c.jpro - uri           /app/0!default
2019-09-20 11:27:25,318 [INFO] in scala-execution-context-global-30 - [[37minfo[0m] c.j.i.s.ViewSerializerActor - appdef: AppByMain(default,view.Spike1View,None,NamedClassLoader(system),false) clientinfo: ClientInfo(http://localhost:8080/,http://localhost:8080/app/default,1316.0,686.0,false,en-US,List(en-US, en),Map(Webstorm-ceec828d -> a1caae6d-77c6-4339-b1de-ea06d79455b1, _ga -> GA1.1.297596926.1564974935))out: Actor[akka://application/system/StreamSupervisor-0/flow-6-2-actorRefSource#-250586192]
2019-09-20 11:27:25,848 [INFO] in scala-execution-context-global-30 - [[37minfo[0m] com.jpro.JS - received msg: new MainID: 1195 userid: 1525994205
2019-09-20 11:27:30,578 [INFO] in scala-execution-context-global-30 - [[37minfo[0m] c.j.i.s.ViewInfo$ - 
2019-09-20 11:27:30,578 [INFO] in scala-execution-context-global-30 - [[37minfo[0m] c.j.i.s.ViewInfo$ - Application closed:
2019-09-20 11:27:30,578 [INFO] in scala-execution-context-global-30 - [[37minfo[0m] c.j.i.s.ViewInfo$ - startTime      : Fri Sep 20 11:27:30 MST 2019      
2019-09-20 11:27:30,579 [INFO] in scala-execution-context-global-30 - [[37minfo[0m] c.j.i.s.ViewInfo$ - averageLatency : 00:00:00.022 
2019-09-20 11:27:30,579 [INFO] in scala-execution-context-global-42 - [[37minfo[0m] c.j.i.s.ViewInfo$ - averageJitter  : 00:00:00.024  
2019-09-20 11:27:30,580 [INFO] in scala-execution-context-global-52 - [[37minfo[0m] c.j.i.s.ViewInfo$ - framerateServer: 00:00:00.000
2019-09-20 11:27:30,580 [INFO] in scala-execution-context-global-52 - [[37minfo[0m] c.j.i.s.ViewInfo$ - framerateClient: 00:00:00.000
2019-09-20 11:27:30,580 [INFO] in scala-execution-context-global-52 - [[37minfo[0m] c.j.i.s.ViewInfo$ - raw            : 66593
2019-09-20 11:27:30,581 [INFO] in scala-execution-context-global-52 - [[37minfo[0m] c.j.i.s.ViewInfo$ - zipped         : 9464
2019-09-20 11:27:30,581 [INFO] in scala-execution-context-global-52 - [[37minfo[0m] c.j.i.s.ViewInfo$ - 
2019-09-20 11:27:37,574 [INFO] in scala-execution-context-global-52 - [[37minfo[0m] c.j.i.c.InstanceImpl - closing window!
2019-09-20 11:31:26,258 [INFO] in scala-execution-context-global-30 - [[37minfo[0m] c.j.i.s.Initializer$ - redirected OUT / ERR
2019-09-20 11:31:26,258 [INFO] in scala-execution-context-global-30 - [[37minfo[0m] c.j.i.s.Initializer$ - installed SLF4JBridge
2019-09-20 11:31:26,258 [INFO] in scala-execution-context-global-30 - [[37minfo[0m] c.j.i.s.MonocleInitializer$ - screen: null
2019-09-20 11:31:26,258 [INFO] in scala-execution-context-global-30 - Warning: Quantum will not submit render jobs, nothing should draw
2019-09-20 11:31:26,258 [INFO] in scala-execution-context-global-30 - [[37minfo[0m] c.j.i.s.Initializer$ - finished init!
2019-09-20 11:31:26,276 [INFO] in scala-execution-context-global-30 - [[37minfo[0m] c.j.i.s.Initializer$ - JavaFX version: 8.0.211-b10
2019-09-20 11:31:26,305 [INFO] in scala-execution-context-global-30 - [[37minfo[0m] c.j.i.c.m.DynamicDataModel - Started Monitoring chart data...
2019-09-20 11:31:26,536 [INFO] in scala-execution-context-global-30 - [[37minfo[0m] c.j.i.c.m.ChartJSONImExporter - Imported chart data Fri Sep 20 11:31:26 MST 2019
2019-09-20 11:31:26,726 [INFO] in scala-execution-context-global-30 - [[37minfo[0m] play.api.Play - Application started (Prod)
2019-09-20 11:31:27,251 [INFO] in scala-execution-context-global-30 - [[37minfo[0m] p.c.s.AkkaHttpServer - Listening for HTTP on /0:0:0:0:0:0:0:0:8080
2019-09-20 11:31:28,143 [INFO] in scala-execution-context-global-30 - [[37minfo[0m] c.jpro - application requested: 0!default
2019-09-20 11:31:28,153 [INFO] in scala-execution-context-global-30 - [[37minfo[0m] c.jpro - Creating Application: 0!default
2019-09-20 11:31:28,156 [INFO] in scala-execution-context-global-30 - [[37minfo[0m] c.jpro - remoteAddress 0:0:0:0:0:0:0:1
2019-09-20 11:31:28,156 [INFO] in scala-execution-context-global-30 - [[37minfo[0m] c.jpro - host          localhost:8080
2019-09-20 11:31:28,156 [INFO] in scala-execution-context-global-30 - [[37minfo[0m] c.jpro - uri           /app/0!default
2019-09-20 11:31:29,138 [INFO] in scala-execution-context-global-30 - [[37minfo[0m] c.j.i.s.ViewSerializerActor - appdef: AppByMain(default,view.Spike1View,None,NamedClassLoader(system),false) clientinfo: ClientInfo(http://localhost:8080/,http://localhost:8080/app/default,1316.0,686.0,false,en-US,List(en-US, en),Map(Webstorm-ceec828d -> a1caae6d-77c6-4339-b1de-ea06d79455b1, _ga -> GA1.1.297596926.1564974935))out: Actor[akka://application/system/StreamSupervisor-0/flow-6-2-actorRefSource#-728778612]
2019-09-20 11:31:29,541 [INFO] in scala-execution-context-global-30 - [[37minfo[0m] com.jpro.JS - received msg: new MainID: 1007 userid: 439009998
2019-09-20 11:31:39,717 [INFO] in scala-execution-context-global-30 - [[37minfo[0m] c.j.i.s.ViewInfo$ - 
2019-09-20 11:31:39,718 [INFO] in scala-execution-context-global-30 - [[37minfo[0m] c.j.i.s.ViewInfo$ - Application closed:
2019-09-20 11:31:39,718 [INFO] in scala-execution-context-global-30 - [[37minfo[0m] c.j.i.s.ViewInfo$ - startTime      : Fri Sep 20 11:31:39 MST 2019      
2019-09-20 11:31:39,719 [INFO] in scala-execution-context-global-30 - [[37minfo[0m] c.j.i.s.ViewInfo$ - averageLatency : 00:00:00.024 
2019-09-20 11:31:39,719 [INFO] in scala-execution-context-global-30 - [[37minfo[0m] c.j.i.s.ViewInfo$ - averageJitter  : 00:00:00.016  
2019-09-20 11:31:39,719 [INFO] in scala-execution-context-global-42 - [[37minfo[0m] c.j.i.s.ViewInfo$ - framerateServer: 00:00:00.000
2019-09-20 11:31:39,721 [INFO] in scala-execution-context-global-42 - [[37minfo[0m] c.j.i.s.ViewInfo$ - framerateClient: 00:00:00.000
2019-09-20 11:31:39,721 [INFO] in scala-execution-context-global-42 - [[37minfo[0m] c.j.i.s.ViewInfo$ - raw            : 46389
2019-09-20 11:31:39,721 [INFO] in scala-execution-context-global-30 - [[37minfo[0m] c.j.i.s.ViewInfo$ - zipped         : 8619
2019-09-20 11:31:39,721 [INFO] in scala-execution-context-global-42 - [[37minfo[0m] c.j.i.s.ViewInfo$ - 
2019-09-20 11:31:48,440 [INFO] in scala-execution-context-global-54 - [[37minfo[0m] c.j.i.c.InstanceImpl - closing window!
2019-09-20 11:34:40,862 [INFO] in scala-execution-context-global-30 - [[37minfo[0m] c.j.i.s.Initializer$ - redirected OUT / ERR
2019-09-20 11:34:40,863 [INFO] in scala-execution-context-global-42 - [[37minfo[0m] c.j.i.s.Initializer$ - installed SLF4JBridge
2019-09-20 11:34:40,863 [INFO] in scala-execution-context-global-30 - [[37minfo[0m] c.j.i.s.MonocleInitializer$ - screen: null
2019-09-20 11:34:40,864 [INFO] in scala-execution-context-global-43 - Warning: Quantum will not submit render jobs, nothing should draw
2019-09-20 11:34:40,864 [INFO] in scala-execution-context-global-30 - [[37minfo[0m] c.j.i.s.Initializer$ - finished init!
2019-09-20 11:34:40,881 [INFO] in scala-execution-context-global-45 - [[37minfo[0m] c.j.i.s.Initializer$ - JavaFX version: 8.0.211-b10
2019-09-20 11:34:40,905 [INFO] in scala-execution-context-global-45 - [[37minfo[0m] c.j.i.c.m.DynamicDataModel - Started Monitoring chart data...
2019-09-20 11:34:41,150 [INFO] in scala-execution-context-global-45 - [[37minfo[0m] c.j.i.c.m.ChartJSONImExporter - Imported chart data Fri Sep 20 11:34:40 MST 2019
2019-09-20 11:34:41,352 [INFO] in scala-execution-context-global-45 - [[37minfo[0m] play.api.Play - Application started (Prod)
2019-09-20 11:34:41,879 [INFO] in scala-execution-context-global-45 - [[37minfo[0m] p.c.s.AkkaHttpServer - Listening for HTTP on /0:0:0:0:0:0:0:0:8080
2019-09-20 11:34:42,718 [INFO] in scala-execution-context-global-45 - [[37minfo[0m] c.jpro - application requested: 0!default
2019-09-20 11:34:42,728 [INFO] in scala-execution-context-global-45 - [[37minfo[0m] c.jpro - Creating Application: 0!default
2019-09-20 11:34:42,730 [INFO] in scala-execution-context-global-45 - [[37minfo[0m] c.jpro - remoteAddress 0:0:0:0:0:0:0:1
2019-09-20 11:34:42,730 [INFO] in scala-execution-context-global-45 - [[37minfo[0m] c.jpro - host          localhost:8080
2019-09-20 11:34:42,730 [INFO] in scala-execution-context-global-45 - [[37minfo[0m] c.jpro - uri           /app/0!default
2019-09-20 11:34:43,730 [INFO] in scala-execution-context-global-45 - [[37minfo[0m] c.j.i.s.ViewSerializerActor - appdef: AppByMain(default,view.Spike1View,None,NamedClassLoader(system),false) clientinfo: ClientInfo(http://localhost:8080/,http://localhost:8080/app/default,1316.0,686.0,false,en-US,List(en-US, en),Map(Webstorm-ceec828d -> a1caae6d-77c6-4339-b1de-ea06d79455b1, _ga -> GA1.1.297596926.1564974935))out: Actor[akka://application/system/StreamSupervisor-0/flow-6-2-actorRefSource#-1654985573]
2019-09-20 11:34:44,124 [INFO] in scala-execution-context-global-45 - [[37minfo[0m] com.jpro.JS - received msg: new MainID: 891 userid: 1848695158
2019-09-20 11:34:47,898 [INFO] in scala-execution-context-global-45 - [[37minfo[0m] c.j.i.s.ViewInfo$ - 
2019-09-20 11:34:47,898 [INFO] in scala-execution-context-global-45 - [[37minfo[0m] c.j.i.s.ViewInfo$ - Application closed:
2019-09-20 11:34:47,899 [INFO] in scala-execution-context-global-45 - [[37minfo[0m] c.j.i.s.ViewInfo$ - startTime      : Fri Sep 20 11:34:47 MST 2019      
2019-09-20 11:34:47,900 [INFO] in scala-execution-context-global-45 - [[37minfo[0m] c.j.i.s.ViewInfo$ - averageLatency : 00:00:00.014 
2019-09-20 11:34:47,900 [INFO] in scala-execution-context-global-44 - [[37minfo[0m] c.j.i.s.ViewInfo$ - averageJitter  : 00:00:00.021  
2019-09-20 11:34:47,901 [INFO] in scala-execution-context-global-45 - [[37minfo[0m] c.j.i.s.ViewInfo$ - framerateServer: 00:00:00.000
2019-09-20 11:34:47,901 [INFO] in scala-execution-context-global-45 - [[37minfo[0m] c.j.i.s.ViewInfo$ - framerateClient: 00:00:00.000
2019-09-20 11:34:47,902 [INFO] in scala-execution-context-global-45 - [[37minfo[0m] c.j.i.s.ViewInfo$ - raw            : 38342
2019-09-20 11:34:47,902 [INFO] in scala-execution-context-global-45 - [[37minfo[0m] c.j.i.s.ViewInfo$ - zipped         : 6190
2019-09-20 11:34:47,902 [INFO] in scala-execution-context-global-45 - [[37minfo[0m] c.j.i.s.ViewInfo$ - 
2019-09-20 11:34:54,515 [INFO] in scala-execution-context-global-43 - [[37minfo[0m] c.j.i.c.InstanceImpl - closing window!
2019-09-20 11:36:48,583 [INFO] in scala-execution-context-global-30 - [[37minfo[0m] c.j.i.s.Initializer$ - redirected OUT / ERR
2019-09-20 11:36:48,583 [INFO] in scala-execution-context-global-30 - [[37minfo[0m] c.j.i.s.Initializer$ - installed SLF4JBridge
2019-09-20 11:36:48,583 [INFO] in scala-execution-context-global-30 - [[37minfo[0m] c.j.i.s.MonocleInitializer$ - screen: null
2019-09-20 11:36:48,583 [INFO] in scala-execution-context-global-30 - Warning: Quantum will not submit render jobs, nothing should draw
2019-09-20 11:36:48,583 [INFO] in scala-execution-context-global-30 - [[37minfo[0m] c.j.i.s.Initializer$ - finished init!
2019-09-20 11:36:48,601 [INFO] in scala-execution-context-global-30 - [[37minfo[0m] c.j.i.s.Initializer$ - JavaFX version: 8.0.211-b10
2019-09-20 11:36:48,626 [INFO] in scala-execution-context-global-30 - [[37minfo[0m] c.j.i.c.m.DynamicDataModel - Started Monitoring chart data...
2019-09-20 11:36:48,850 [INFO] in scala-execution-context-global-30 - [[37minfo[0m] c.j.i.c.m.ChartJSONImExporter - Imported chart data Fri Sep 20 11:36:48 MST 2019
2019-09-20 11:36:49,036 [INFO] in scala-execution-context-global-30 - [[37minfo[0m] play.api.Play - Application started (Prod)
2019-09-20 11:36:49,572 [INFO] in scala-execution-context-global-30 - [[37minfo[0m] p.c.s.AkkaHttpServer - Listening for HTTP on /0:0:0:0:0:0:0:0:8080
2019-09-20 11:36:50,435 [INFO] in scala-execution-context-global-30 - [[37minfo[0m] c.jpro - application requested: 0!default
2019-09-20 11:36:50,448 [INFO] in scala-execution-context-global-30 - [[37minfo[0m] c.jpro - Creating Application: 0!default
2019-09-20 11:36:50,451 [INFO] in scala-execution-context-global-30 - [[37minfo[0m] c.jpro - remoteAddress 0:0:0:0:0:0:0:1
2019-09-20 11:36:50,451 [INFO] in scala-execution-context-global-30 - [[37minfo[0m] c.jpro - host          localhost:8080
2019-09-20 11:36:50,451 [INFO] in scala-execution-context-global-30 - [[37minfo[0m] c.jpro - uri           /app/0!default
2019-09-20 11:36:51,454 [INFO] in scala-execution-context-global-30 - [[37minfo[0m] c.j.i.s.ViewSerializerActor - appdef: AppByMain(default,view.Spike1View,None,NamedClassLoader(system),false) clientinfo: ClientInfo(http://localhost:8080/,http://localhost:8080/app/default,1316.0,686.0,false,en-US,List(en-US, en),Map(Webstorm-ceec828d -> a1caae6d-77c6-4339-b1de-ea06d79455b1, _ga -> GA1.1.297596926.1564974935))out: Actor[akka://application/system/StreamSupervisor-0/flow-6-2-actorRefSource#1156004162]
2019-09-20 11:36:51,890 [INFO] in scala-execution-context-global-30 - [[37minfo[0m] com.jpro.JS - received msg: new MainID: 1195 userid: 1099118972
2019-09-20 11:37:03,938 [INFO] in scala-execution-context-global-30 - [[37minfo[0m] c.j.i.s.ViewInfo$ - 
2019-09-20 11:37:03,938 [INFO] in scala-execution-context-global-30 - [[37minfo[0m] c.j.i.s.ViewInfo$ - Application closed:
2019-09-20 11:37:03,939 [INFO] in scala-execution-context-global-30 - [[37minfo[0m] c.j.i.s.ViewInfo$ - startTime      : Fri Sep 20 11:37:03 MST 2019      
2019-09-20 11:37:03,939 [INFO] in scala-execution-context-global-30 - [[37minfo[0m] c.j.i.s.ViewInfo$ - averageLatency : 00:00:00.025 
2019-09-20 11:37:03,939 [INFO] in scala-execution-context-global-42 - [[37minfo[0m] c.j.i.s.ViewInfo$ - averageJitter  : 00:00:00.021  
2019-09-20 11:37:03,939 [INFO] in scala-execution-context-global-42 - [[37minfo[0m] c.j.i.s.ViewInfo$ - framerateServer: 00:00:00.000
2019-09-20 11:37:03,940 [INFO] in scala-execution-context-global-42 - [[37minfo[0m] c.j.i.s.ViewInfo$ - framerateClient: 00:00:00.000
2019-09-20 11:37:03,940 [INFO] in scala-execution-context-global-42 - [[37minfo[0m] c.j.i.s.ViewInfo$ - raw            : 66581
2019-09-20 11:37:03,941 [INFO] in scala-execution-context-global-30 - [[37minfo[0m] c.j.i.s.ViewInfo$ - zipped         : 9922
2019-09-20 11:37:03,941 [INFO] in scala-execution-context-global-30 - [[37minfo[0m] c.j.i.s.ViewInfo$ - 
2019-09-20 11:38:36,512 [INFO] in scala-execution-context-global-30 - [[37minfo[0m] c.j.i.s.Initializer$ - redirected OUT / ERR
2019-09-20 11:38:36,513 [INFO] in scala-execution-context-global-30 - [[37minfo[0m] c.j.i.s.Initializer$ - installed SLF4JBridge
2019-09-20 11:38:36,513 [INFO] in scala-execution-context-global-30 - [[37minfo[0m] c.j.i.s.MonocleInitializer$ - screen: null
2019-09-20 11:38:36,513 [INFO] in scala-execution-context-global-30 - Warning: Quantum will not submit render jobs, nothing should draw
2019-09-20 11:38:36,513 [INFO] in scala-execution-context-global-30 - [[37minfo[0m] c.j.i.s.Initializer$ - finished init!
2019-09-20 11:38:36,527 [INFO] in scala-execution-context-global-30 - [[37minfo[0m] c.j.i.s.Initializer$ - JavaFX version: 8.0.211-b10
2019-09-20 11:38:36,551 [INFO] in scala-execution-context-global-30 - [[37minfo[0m] c.j.i.c.m.DynamicDataModel - Started Monitoring chart data...
2019-09-20 11:38:36,758 [INFO] in scala-execution-context-global-30 - [[37minfo[0m] c.j.i.c.m.ChartJSONImExporter - Imported chart data Fri Sep 20 11:38:36 MST 2019
2019-09-20 11:38:36,947 [INFO] in scala-execution-context-global-30 - [[37minfo[0m] play.api.Play - Application started (Prod)
2019-09-20 11:38:37,480 [INFO] in scala-execution-context-global-30 - [[37minfo[0m] p.c.s.AkkaHttpServer - Listening for HTTP on /0:0:0:0:0:0:0:0:8080
2019-09-20 11:38:38,364 [INFO] in scala-execution-context-global-30 - [[37minfo[0m] c.jpro - application requested: 0!default
2019-09-20 11:38:38,374 [INFO] in scala-execution-context-global-30 - [[37minfo[0m] c.jpro - Creating Application: 0!default
2019-09-20 11:38:38,377 [INFO] in scala-execution-context-global-30 - [[37minfo[0m] c.jpro - remoteAddress 0:0:0:0:0:0:0:1
2019-09-20 11:38:38,377 [INFO] in scala-execution-context-global-30 - [[37minfo[0m] c.jpro - host          localhost:8080
2019-09-20 11:38:38,377 [INFO] in scala-execution-context-global-30 - [[37minfo[0m] c.jpro - uri           /app/0!default
2019-09-20 11:38:39,371 [INFO] in scala-execution-context-global-30 - [[37minfo[0m] c.j.i.s.ViewSerializerActor - appdef: AppByMain(default,view.Spike1View,None,NamedClassLoader(system),false) clientinfo: ClientInfo(http://localhost:8080/,http://localhost:8080/app/default,1316.0,686.0,false,en-US,List(en-US, en),Map(Webstorm-ceec828d -> a1caae6d-77c6-4339-b1de-ea06d79455b1, _ga -> GA1.1.297596926.1564974935))out: Actor[akka://application/system/StreamSupervisor-0/flow-6-2-actorRefSource#-1740028664]
2019-09-20 11:38:39,756 [INFO] in scala-execution-context-global-30 - [[37minfo[0m] com.jpro.JS - received msg: new MainID: 1007 userid: 1016628164
2019-09-20 11:38:43,113 [INFO] in scala-execution-context-global-30 - [[37minfo[0m] c.j.i.s.ViewInfo$ - 
2019-09-20 11:38:43,113 [INFO] in scala-execution-context-global-30 - [[37minfo[0m] c.j.i.s.ViewInfo$ - Application closed:
2019-09-20 11:38:43,114 [INFO] in scala-execution-context-global-30 - [[37minfo[0m] c.j.i.s.ViewInfo$ - startTime      : Fri Sep 20 11:38:43 MST 2019      
2019-09-20 11:38:43,114 [INFO] in scala-execution-context-global-30 - [[37minfo[0m] c.j.i.s.ViewInfo$ - averageLatency : 00:00:00.014 
2019-09-20 11:38:43,114 [INFO] in scala-execution-context-global-42 - [[37minfo[0m] c.j.i.s.ViewInfo$ - averageJitter  : 00:00:00.020  
2019-09-20 11:38:43,115 [INFO] in scala-execution-context-global-51 - [[37minfo[0m] c.j.i.s.ViewInfo$ - framerateServer: 00:00:00.000
2019-09-20 11:38:43,116 [INFO] in scala-execution-context-global-51 - [[37minfo[0m] c.j.i.s.ViewInfo$ - framerateClient: 00:00:00.000
2019-09-20 11:38:43,116 [INFO] in scala-execution-context-global-51 - [[37minfo[0m] c.j.i.s.ViewInfo$ - raw            : 35113
2019-09-20 11:38:43,116 [INFO] in scala-execution-context-global-51 - [[37minfo[0m] c.j.i.s.ViewInfo$ - zipped         : 5289
2019-09-20 11:38:43,116 [INFO] in scala-execution-context-global-51 - [[37minfo[0m] c.j.i.s.ViewInfo$ - 
2019-09-20 11:38:49,584 [INFO] in scala-execution-context-global-51 - [[37minfo[0m] c.j.i.c.InstanceImpl - closing window!
2019-09-20 11:39:12,944 [INFO] in scala-execution-context-global-30 - [[37minfo[0m] c.j.i.s.Initializer$ - redirected OUT / ERR
2019-09-20 11:39:12,945 [INFO] in scala-execution-context-global-30 - [[37minfo[0m] c.j.i.s.Initializer$ - installed SLF4JBridge
2019-09-20 11:39:12,945 [INFO] in scala-execution-context-global-42 - [[37minfo[0m] c.j.i.s.MonocleInitializer$ - screen: null
2019-09-20 11:39:12,945 [INFO] in scala-execution-context-global-30 - Warning: Quantum will not submit render jobs, nothing should draw
2019-09-20 11:39:12,945 [INFO] in scala-execution-context-global-43 - [[37minfo[0m] c.j.i.s.Initializer$ - finished init!
2019-09-20 11:39:12,963 [INFO] in scala-execution-context-global-45 - [[37minfo[0m] c.j.i.s.Initializer$ - JavaFX version: 8.0.211-b10
2019-09-20 11:39:12,988 [INFO] in scala-execution-context-global-45 - [[37minfo[0m] c.j.i.c.m.DynamicDataModel - Started Monitoring chart data...
2019-09-20 11:39:13,200 [INFO] in scala-execution-context-global-45 - [[37minfo[0m] c.j.i.c.m.ChartJSONImExporter - Imported chart data Fri Sep 20 11:39:12 MST 2019
2019-09-20 11:39:13,398 [INFO] in scala-execution-context-global-45 - [[37minfo[0m] play.api.Play - Application started (Prod)
2019-09-20 11:39:13,917 [INFO] in scala-execution-context-global-45 - [[37minfo[0m] p.c.s.AkkaHttpServer - Listening for HTTP on /0:0:0:0:0:0:0:0:8080
2019-09-20 11:39:14,801 [INFO] in scala-execution-context-global-45 - [[37minfo[0m] c.jpro - application requested: 0!default
2019-09-20 11:39:14,809 [INFO] in scala-execution-context-global-45 - [[37minfo[0m] c.jpro - Creating Application: 0!default
2019-09-20 11:39:14,814 [INFO] in scala-execution-context-global-45 - [[37minfo[0m] c.jpro - remoteAddress 0:0:0:0:0:0:0:1
2019-09-20 11:39:14,815 [INFO] in scala-execution-context-global-45 - [[37minfo[0m] c.jpro - host          localhost:8080
2019-09-20 11:39:14,815 [INFO] in scala-execution-context-global-45 - [[37minfo[0m] c.jpro - uri           /app/0!default
2019-09-20 11:39:15,796 [INFO] in scala-execution-context-global-45 - [[37minfo[0m] c.j.i.s.ViewSerializerActor - appdef: AppByMain(default,view.Spike1View,None,NamedClassLoader(system),false) clientinfo: ClientInfo(http://localhost:8080/,http://localhost:8080/app/default,1316.0,686.0,false,en-US,List(en-US, en),Map(Webstorm-ceec828d -> a1caae6d-77c6-4339-b1de-ea06d79455b1, _ga -> GA1.1.297596926.1564974935))out: Actor[akka://application/system/StreamSupervisor-0/flow-6-2-actorRefSource#836952210]
2019-09-20 11:39:16,212 [INFO] in scala-execution-context-global-45 - [[37minfo[0m] com.jpro.JS - received msg: new MainID: 1195 userid: 1440312522
2019-09-20 11:40:54,162 [INFO] in scala-execution-context-global-30 - [[37minfo[0m] c.j.i.s.Initializer$ - redirected OUT / ERR
2019-09-20 11:40:54,163 [INFO] in scala-execution-context-global-30 - [[37minfo[0m] c.j.i.s.Initializer$ - installed SLF4JBridge
2019-09-20 11:40:54,163 [INFO] in scala-execution-context-global-30 - [[37minfo[0m] c.j.i.s.MonocleInitializer$ - screen: null
2019-09-20 11:40:54,163 [INFO] in scala-execution-context-global-30 - Warning: Quantum will not submit render jobs, nothing should draw
2019-09-20 11:40:54,163 [INFO] in scala-execution-context-global-30 - [[37minfo[0m] c.j.i.s.Initializer$ - finished init!
2019-09-20 11:40:54,179 [INFO] in scala-execution-context-global-30 - [[37minfo[0m] c.j.i.s.Initializer$ - JavaFX version: 8.0.211-b10
2019-09-20 11:40:54,206 [INFO] in scala-execution-context-global-30 - [[37minfo[0m] c.j.i.c.m.DynamicDataModel - Started Monitoring chart data...
2019-09-20 11:40:54,422 [INFO] in scala-execution-context-global-30 - [[37minfo[0m] c.j.i.c.m.ChartJSONImExporter - Imported chart data Fri Sep 20 11:40:54 MST 2019
2019-09-20 11:40:54,610 [INFO] in scala-execution-context-global-30 - [[37minfo[0m] play.api.Play - Application started (Prod)
2019-09-20 11:40:55,134 [INFO] in scala-execution-context-global-30 - [[37minfo[0m] p.c.s.AkkaHttpServer - Listening for HTTP on /0:0:0:0:0:0:0:0:8080
2019-09-20 11:40:55,964 [INFO] in scala-execution-context-global-30 - [[37minfo[0m] c.jpro - application requested: 0!default
2019-09-20 11:40:55,973 [INFO] in scala-execution-context-global-30 - [[37minfo[0m] c.jpro - Creating Application: 0!default
2019-09-20 11:40:55,977 [INFO] in scala-execution-context-global-30 - [[37minfo[0m] c.jpro - remoteAddress 0:0:0:0:0:0:0:1
2019-09-20 11:40:55,977 [INFO] in scala-execution-context-global-30 - [[37minfo[0m] c.jpro - host          localhost:8080
2019-09-20 11:40:55,977 [INFO] in scala-execution-context-global-30 - [[37minfo[0m] c.jpro - uri           /app/0!default
2019-09-20 11:40:56,987 [INFO] in scala-execution-context-global-30 - [[37minfo[0m] c.j.i.s.ViewSerializerActor - appdef: AppByMain(default,view.Spike1View,None,NamedClassLoader(system),false) clientinfo: ClientInfo(http://localhost:8080/,http://localhost:8080/app/default,1316.0,686.0,false,en-US,List(en-US, en),Map(Webstorm-ceec828d -> a1caae6d-77c6-4339-b1de-ea06d79455b1, _ga -> GA1.1.297596926.1564974935))out: Actor[akka://application/system/StreamSupervisor-0/flow-6-2-actorRefSource#-50428814]
2019-09-20 11:40:57,393 [INFO] in scala-execution-context-global-30 - [[37minfo[0m] com.jpro.JS - received msg: new MainID: 1195 userid: 490275193
2019-09-20 11:41:01,965 [INFO] in scala-execution-context-global-30 - [[37minfo[0m] c.j.i.s.ViewInfo$ - 
2019-09-20 11:41:01,965 [INFO] in scala-execution-context-global-30 - [[37minfo[0m] c.j.i.s.ViewInfo$ - Application closed:
2019-09-20 11:41:01,966 [INFO] in scala-execution-context-global-30 - [[37minfo[0m] c.j.i.s.ViewInfo$ - startTime      : Fri Sep 20 11:41:01 MST 2019      
2019-09-20 11:41:01,966 [INFO] in scala-execution-context-global-30 - [[37minfo[0m] c.j.i.s.ViewInfo$ - averageLatency : 00:00:00.019 
2019-09-20 11:41:01,966 [INFO] in scala-execution-context-global-30 - [[37minfo[0m] c.j.i.s.ViewInfo$ - averageJitter  : 00:00:00.001  
2019-09-20 11:41:01,967 [INFO] in scala-execution-context-global-30 - [[37minfo[0m] c.j.i.s.ViewInfo$ - framerateServer: 00:00:00.000
2019-09-20 11:41:01,967 [INFO] in scala-execution-context-global-30 - [[37minfo[0m] c.j.i.s.ViewInfo$ - framerateClient: 00:00:00.000
2019-09-20 11:41:01,967 [INFO] in scala-execution-context-global-30 - [[37minfo[0m] c.j.i.s.ViewInfo$ - raw            : 75641
2019-09-20 11:41:01,967 [INFO] in scala-execution-context-global-42 - [[37minfo[0m] c.j.i.s.ViewInfo$ - zipped         : 14162
2019-09-20 11:41:01,968 [INFO] in scala-execution-context-global-30 - [[37minfo[0m] c.j.i.s.ViewInfo$ - 
2019-09-20 11:42:09,867 [INFO] in scala-execution-context-global-30 - [[37minfo[0m] c.j.i.s.Initializer$ - redirected OUT / ERR
2019-09-20 11:42:09,867 [INFO] in scala-execution-context-global-30 - [[37minfo[0m] c.j.i.s.Initializer$ - installed SLF4JBridge
2019-09-20 11:42:09,867 [INFO] in scala-execution-context-global-30 - [[37minfo[0m] c.j.i.s.MonocleInitializer$ - screen: null
2019-09-20 11:42:09,867 [INFO] in scala-execution-context-global-30 - Warning: Quantum will not submit render jobs, nothing should draw
2019-09-20 11:42:09,868 [INFO] in scala-execution-context-global-30 - [[37minfo[0m] c.j.i.s.Initializer$ - finished init!
2019-09-20 11:42:09,882 [INFO] in scala-execution-context-global-30 - [[37minfo[0m] c.j.i.s.Initializer$ - JavaFX version: 8.0.211-b10
2019-09-20 11:42:09,907 [INFO] in scala-execution-context-global-30 - [[37minfo[0m] c.j.i.c.m.DynamicDataModel - Started Monitoring chart data...
2019-09-20 11:42:10,132 [INFO] in scala-execution-context-global-30 - [[37minfo[0m] c.j.i.c.m.ChartJSONImExporter - Imported chart data Fri Sep 20 11:42:09 MST 2019
2019-09-20 11:42:10,326 [INFO] in scala-execution-context-global-30 - [[37minfo[0m] play.api.Play - Application started (Prod)
2019-09-20 11:42:10,874 [INFO] in scala-execution-context-global-30 - [[37minfo[0m] p.c.s.AkkaHttpServer - Listening for HTTP on /0:0:0:0:0:0:0:0:8080
2019-09-20 11:42:11,757 [INFO] in scala-execution-context-global-30 - [[37minfo[0m] c.jpro - application requested: 0!default
2019-09-20 11:42:11,766 [INFO] in scala-execution-context-global-30 - [[37minfo[0m] c.jpro - Creating Application: 0!default
2019-09-20 11:42:11,770 [INFO] in scala-execution-context-global-30 - [[37minfo[0m] c.jpro - remoteAddress 0:0:0:0:0:0:0:1
2019-09-20 11:42:11,770 [INFO] in scala-execution-context-global-30 - [[37minfo[0m] c.jpro - host          localhost:8080
2019-09-20 11:42:11,770 [INFO] in scala-execution-context-global-30 - [[37minfo[0m] c.jpro - uri           /app/0!default
2019-09-20 11:42:12,776 [INFO] in scala-execution-context-global-30 - [[37minfo[0m] c.j.i.s.ViewSerializerActor - appdef: AppByMain(default,view.Spike1View,None,NamedClassLoader(system),false) clientinfo: ClientInfo(http://localhost:8080/,http://localhost:8080/app/default,1316.0,686.0,false,en-US,List(en-US, en),Map(Webstorm-ceec828d -> a1caae6d-77c6-4339-b1de-ea06d79455b1, _ga -> GA1.1.297596926.1564974935))out: Actor[akka://application/system/StreamSupervisor-0/flow-6-2-actorRefSource#-1488656993]
2019-09-20 11:42:13,204 [INFO] in scala-execution-context-global-30 - [[37minfo[0m] com.jpro.JS - received msg: new MainID: 1195 userid: 871286800
2019-09-20 11:42:25,063 [INFO] in scala-execution-context-global-30 - [[37minfo[0m] c.j.i.s.ViewInfo$ - 
2019-09-20 11:42:25,063 [INFO] in scala-execution-context-global-30 - [[37minfo[0m] c.j.i.s.ViewInfo$ - Application closed:
2019-09-20 11:42:25,064 [INFO] in scala-execution-context-global-42 - [[37minfo[0m] c.j.i.s.ViewInfo$ - startTime      : Fri Sep 20 11:42:25 MST 2019      
2019-09-20 11:42:25,064 [INFO] in scala-execution-context-global-42 - [[37minfo[0m] c.j.i.s.ViewInfo$ - averageLatency : 00:00:00.019 
2019-09-20 11:42:25,065 [INFO] in scala-execution-context-global-30 - [[37minfo[0m] c.j.i.s.ViewInfo$ - averageJitter  : 00:00:00.002  
2019-09-20 11:42:25,065 [INFO] in scala-execution-context-global-52 - [[37minfo[0m] c.j.i.s.ViewInfo$ - framerateServer: 00:00:00.000
2019-09-20 11:42:25,066 [INFO] in scala-execution-context-global-52 - [[37minfo[0m] c.j.i.s.ViewInfo$ - framerateClient: 00:00:00.000
2019-09-20 11:42:25,066 [INFO] in scala-execution-context-global-30 - [[37minfo[0m] c.j.i.s.ViewInfo$ - raw            : 70521
2019-09-20 11:42:25,066 [INFO] in scala-execution-context-global-30 - [[37minfo[0m] c.j.i.s.ViewInfo$ - zipped         : 13035
2019-09-20 11:42:25,066 [INFO] in scala-execution-context-global-30 - [[37minfo[0m] c.j.i.s.ViewInfo$ - 
2019-09-20 11:49:45,874 [INFO] in scala-execution-context-global-29 - [[37minfo[0m] c.j.i.s.Initializer$ - redirected OUT / ERR
2019-09-20 11:49:45,874 [INFO] in scala-execution-context-global-29 - [[37minfo[0m] c.j.i.s.Initializer$ - installed SLF4JBridge
2019-09-20 11:49:45,874 [INFO] in scala-execution-context-global-29 - [[37minfo[0m] c.j.i.s.MonocleInitializer$ - screen: null
2019-09-20 11:49:45,875 [INFO] in scala-execution-context-global-29 - Warning: Quantum will not submit render jobs, nothing should draw
2019-09-20 11:49:45,875 [INFO] in scala-execution-context-global-29 - [[37minfo[0m] c.j.i.s.Initializer$ - finished init!
2019-09-20 11:49:45,890 [INFO] in scala-execution-context-global-29 - [[37minfo[0m] c.j.i.s.Initializer$ - JavaFX version: 8.0.211-b10
2019-09-20 11:49:45,919 [INFO] in scala-execution-context-global-29 - [[37minfo[0m] c.j.i.c.m.DynamicDataModel - Started Monitoring chart data...
2019-09-20 11:49:46,127 [INFO] in scala-execution-context-global-29 - [[37minfo[0m] c.j.i.c.m.ChartJSONImExporter - Imported chart data Fri Sep 20 11:49:45 MST 2019
2019-09-20 11:49:46,304 [INFO] in scala-execution-context-global-29 - [[37minfo[0m] play.api.Play - Application started (Prod)
2019-09-20 11:49:46,839 [INFO] in scala-execution-context-global-29 - [[37minfo[0m] p.c.s.AkkaHttpServer - Listening for HTTP on /0:0:0:0:0:0:0:0:8080
2019-09-20 11:49:49,010 [INFO] in scala-execution-context-global-29 - [[37minfo[0m] c.jpro - application requested: 0!default
2019-09-20 11:49:49,019 [INFO] in scala-execution-context-global-29 - [[37minfo[0m] c.jpro - Creating Application: 0!default
2019-09-20 11:49:49,022 [INFO] in scala-execution-context-global-29 - [[37minfo[0m] c.jpro - remoteAddress 0:0:0:0:0:0:0:1
2019-09-20 11:49:49,023 [INFO] in scala-execution-context-global-29 - [[37minfo[0m] c.jpro - host          localhost:8080
2019-09-20 11:49:49,023 [INFO] in scala-execution-context-global-29 - [[37minfo[0m] c.jpro - uri           /app/0!default
2019-09-20 11:49:50,005 [INFO] in scala-execution-context-global-29 - [[37minfo[0m] c.j.i.s.ViewSerializerActor - appdef: AppByMain(default,view.Spike1View,None,NamedClassLoader(system),false) clientinfo: ClientInfo(http://localhost:8080/,http://localhost:8080/app/default,1316.0,686.0,false,en-US,List(en-US, en),Map(Webstorm-ceec828d -> a1caae6d-77c6-4339-b1de-ea06d79455b1, _ga -> GA1.1.297596926.1564974935))out: Actor[akka://application/system/StreamSupervisor-0/flow-6-2-actorRefSource#592417541]
2019-09-20 11:49:50,405 [INFO] in scala-execution-context-global-29 - [[37minfo[0m] com.jpro.JS - received msg: new MainID: 1166 userid: 56735711
2019-09-20 11:50:32,648 [INFO] in scala-execution-context-global-29 - [[37minfo[0m] c.j.i.s.ViewInfo$ - 
2019-09-20 11:50:32,648 [INFO] in scala-execution-context-global-29 - [[37minfo[0m] c.j.i.s.ViewInfo$ - Application closed:
2019-09-20 11:50:32,649 [INFO] in scala-execution-context-global-29 - [[37minfo[0m] c.j.i.s.ViewInfo$ - startTime      : Fri Sep 20 11:50:32 MST 2019      
2019-09-20 11:50:32,649 [INFO] in scala-execution-context-global-29 - [[37minfo[0m] c.j.i.s.ViewInfo$ - averageLatency : 00:00:00.020 
2019-09-20 11:50:32,649 [INFO] in scala-execution-context-global-29 - [[37minfo[0m] c.j.i.s.ViewInfo$ - averageJitter  : 00:00:00.001  
2019-09-20 11:50:32,650 [INFO] in scala-execution-context-global-29 - [[37minfo[0m] c.j.i.s.ViewInfo$ - framerateServer: 00:00:00.000
2019-09-20 11:50:32,651 [INFO] in scala-execution-context-global-29 - [[37minfo[0m] c.j.i.s.ViewInfo$ - framerateClient: 00:00:00.000
2019-09-20 11:50:32,651 [INFO] in scala-execution-context-global-29 - [[37minfo[0m] c.j.i.s.ViewInfo$ - raw            : 103774
2019-09-20 11:50:32,652 [INFO] in scala-execution-context-global-41 - [[37minfo[0m] c.j.i.s.ViewInfo$ - zipped         : 21909
2019-09-20 11:50:32,652 [INFO] in scala-execution-context-global-29 - [[37minfo[0m] c.j.i.s.ViewInfo$ - 
2019-09-21 15:49:03,023 [INFO] in scala-execution-context-global-30 - [[37minfo[0m] c.j.i.s.Initializer$ - redirected OUT / ERR
2019-09-21 15:49:03,023 [INFO] in scala-execution-context-global-42 - [[37minfo[0m] c.j.i.s.Initializer$ - installed SLF4JBridge
2019-09-21 15:49:03,024 [INFO] in scala-execution-context-global-30 - [[37minfo[0m] c.j.i.s.MonocleInitializer$ - screen: null
2019-09-21 15:49:03,024 [INFO] in scala-execution-context-global-43 - Warning: Quantum will not submit render jobs, nothing should draw
2019-09-21 15:49:03,024 [INFO] in scala-execution-context-global-42 - [[37minfo[0m] c.j.i.s.Initializer$ - finished init!
2019-09-21 15:49:03,049 [INFO] in scala-execution-context-global-46 - [[37minfo[0m] c.j.i.s.Initializer$ - JavaFX version: 8.0.211-b10
2019-09-21 15:49:03,090 [INFO] in scala-execution-context-global-46 - [[37minfo[0m] c.j.i.c.m.DynamicDataModel - Started Monitoring chart data...
2019-09-21 15:49:03,384 [INFO] in scala-execution-context-global-46 - [[37minfo[0m] c.j.i.c.m.ChartJSONImExporter - Imported chart data Sat Sep 21 15:49:02 MST 2019
2019-09-21 15:49:03,673 [INFO] in scala-execution-context-global-46 - [[37minfo[0m] play.api.Play - Application started (Prod)
2019-09-21 15:49:04,407 [INFO] in scala-execution-context-global-46 - [[37minfo[0m] p.c.s.AkkaHttpServer - Listening for HTTP on /0:0:0:0:0:0:0:0:8080
2019-09-21 15:49:05,743 [INFO] in scala-execution-context-global-46 - [[37minfo[0m] c.jpro - application requested: 0!default
2019-09-21 15:49:05,756 [INFO] in scala-execution-context-global-46 - [[37minfo[0m] c.jpro - Creating Application: 0!default
2019-09-21 15:49:05,758 [INFO] in scala-execution-context-global-46 - [[37minfo[0m] c.jpro - remoteAddress 0:0:0:0:0:0:0:1
2019-09-21 15:49:05,759 [INFO] in scala-execution-context-global-46 - [[37minfo[0m] c.jpro - host          localhost:8080
2019-09-21 15:49:05,759 [INFO] in scala-execution-context-global-46 - [[37minfo[0m] c.jpro - uri           /app/0!default
2019-09-21 15:49:07,300 [INFO] in scala-execution-context-global-46 - [[37minfo[0m] c.j.i.s.ViewSerializerActor - appdef: AppByMain(default,view.Spike1View,None,NamedClassLoader(system),false) clientinfo: ClientInfo(http://localhost:8080/,http://localhost:8080/app/default,1422.0,686.0,false,en-US,List(en-US, en),Map(Webstorm-ceec828d -> a1caae6d-77c6-4339-b1de-ea06d79455b1, _ga -> GA1.1.297596926.1564974935))out: Actor[akka://application/system/StreamSupervisor-0/flow-6-2-actorRefSource#1707376126]
2019-09-21 15:49:07,857 [INFO] in scala-execution-context-global-46 - [[37minfo[0m] com.jpro.JS - received msg: new MainID: 1945 userid: 244896913
2019-09-21 15:54:28,690 [INFO] in scala-execution-context-global-30 - [[37minfo[0m] c.j.i.s.Initializer$ - redirected OUT / ERR
2019-09-21 15:54:28,690 [INFO] in scala-execution-context-global-42 - [[37minfo[0m] c.j.i.s.Initializer$ - installed SLF4JBridge
2019-09-21 15:54:28,691 [INFO] in scala-execution-context-global-30 - [[37minfo[0m] c.j.i.s.MonocleInitializer$ - screen: null
2019-09-21 15:54:28,691 [INFO] in scala-execution-context-global-43 - Warning: Quantum will not submit render jobs, nothing should draw
2019-09-21 15:54:28,691 [INFO] in scala-execution-context-global-42 - [[37minfo[0m] c.j.i.s.Initializer$ - finished init!
2019-09-21 15:54:28,713 [INFO] in scala-execution-context-global-46 - [[37minfo[0m] c.j.i.s.Initializer$ - JavaFX version: 8.0.211-b10
2019-09-21 15:54:28,745 [INFO] in scala-execution-context-global-46 - [[37minfo[0m] c.j.i.c.m.DynamicDataModel - Started Monitoring chart data...
2019-09-21 15:54:29,025 [INFO] in scala-execution-context-global-46 - [[37minfo[0m] c.j.i.c.m.ChartJSONImExporter - Imported chart data Sat Sep 21 15:54:28 MST 2019
2019-09-21 15:54:29,282 [INFO] in scala-execution-context-global-46 - [[37minfo[0m] play.api.Play - Application started (Prod)
2019-09-21 15:54:29,892 [INFO] in scala-execution-context-global-46 - [[37minfo[0m] p.c.s.AkkaHttpServer - Listening for HTTP on /0:0:0:0:0:0:0:0:8080
2019-09-21 15:54:30,811 [INFO] in scala-execution-context-global-46 - [[37minfo[0m] c.jpro - application requested: 0!default
2019-09-21 15:54:30,821 [INFO] in scala-execution-context-global-46 - [[37minfo[0m] c.jpro - Creating Application: 0!default
2019-09-21 15:54:30,825 [INFO] in scala-execution-context-global-46 - [[37minfo[0m] c.jpro - remoteAddress 0:0:0:0:0:0:0:1
2019-09-21 15:54:30,825 [INFO] in scala-execution-context-global-46 - [[37minfo[0m] c.jpro - host          localhost:8080
2019-09-21 15:54:30,826 [INFO] in scala-execution-context-global-46 - [[37minfo[0m] c.jpro - uri           /app/0!default
2019-09-21 15:54:31,960 [INFO] in scala-execution-context-global-46 - [[37minfo[0m] c.j.i.s.ViewSerializerActor - appdef: AppByMain(default,view.Spike1View,None,NamedClassLoader(system),false) clientinfo: ClientInfo(http://localhost:8080/,http://localhost:8080/app/default,1422.0,686.0,false,en-US,List(en-US, en),Map(Webstorm-ceec828d -> a1caae6d-77c6-4339-b1de-ea06d79455b1, _ga -> GA1.1.297596926.1564974935))out: Actor[akka://application/system/StreamSupervisor-0/flow-6-2-actorRefSource#788381030]
2019-09-21 15:54:32,452 [INFO] in scala-execution-context-global-46 - [[37minfo[0m] com.jpro.JS - received msg: new MainID: 1663 userid: 830194254
2019-09-21 15:54:47,642 [INFO] in scala-execution-context-global-46 - [[37minfo[0m] c.j.i.s.ViewInfo$ - 
2019-09-21 15:54:47,643 [INFO] in scala-execution-context-global-46 - [[37minfo[0m] c.j.i.s.ViewInfo$ - Application closed:
2019-09-21 15:54:47,645 [INFO] in scala-execution-context-global-30 - [[37minfo[0m] c.j.i.s.ViewInfo$ - startTime      : Sat Sep 21 15:54:47 MST 2019      
2019-09-21 15:54:47,645 [INFO] in scala-execution-context-global-30 - [[37minfo[0m] c.j.i.s.ViewInfo$ - averageLatency : 00:00:00.018 
2019-09-21 15:54:47,645 [INFO] in scala-execution-context-global-30 - [[37minfo[0m] c.j.i.s.ViewInfo$ - averageJitter  : 00:00:00.001  
2019-09-21 15:54:47,646 [INFO] in scala-execution-context-global-30 - [[37minfo[0m] c.j.i.s.ViewInfo$ - framerateServer: 00:00:00.000
2019-09-21 15:54:47,646 [INFO] in scala-execution-context-global-30 - [[37minfo[0m] c.j.i.s.ViewInfo$ - framerateClient: 00:00:00.000
2019-09-21 15:54:47,646 [INFO] in scala-execution-context-global-30 - [[37minfo[0m] c.j.i.s.ViewInfo$ - raw            : 110745
2019-09-21 15:54:47,647 [INFO] in scala-execution-context-global-45 - [[37minfo[0m] c.j.i.s.ViewInfo$ - zipped         : 22809
2019-09-21 15:54:47,647 [INFO] in scala-execution-context-global-43 - [[37minfo[0m] c.j.i.s.ViewInfo$ - 
2019-09-21 15:55:45,433 [INFO] in scala-execution-context-global-30 - [[37minfo[0m] c.j.i.s.Initializer$ - redirected OUT / ERR
2019-09-21 15:55:45,434 [INFO] in scala-execution-context-global-30 - [[37minfo[0m] c.j.i.s.Initializer$ - installed SLF4JBridge
2019-09-21 15:55:45,434 [INFO] in scala-execution-context-global-30 - [[37minfo[0m] c.j.i.s.MonocleInitializer$ - screen: null
2019-09-21 15:55:45,434 [INFO] in scala-execution-context-global-42 - Warning: Quantum will not submit render jobs, nothing should draw
2019-09-21 15:55:45,434 [INFO] in scala-execution-context-global-30 - [[37minfo[0m] c.j.i.s.Initializer$ - finished init!
2019-09-21 15:55:45,458 [INFO] in scala-execution-context-global-44 - [[37minfo[0m] c.j.i.s.Initializer$ - JavaFX version: 8.0.211-b10
2019-09-21 15:55:45,492 [INFO] in scala-execution-context-global-44 - [[37minfo[0m] c.j.i.c.m.DynamicDataModel - Started Monitoring chart data...
2019-09-21 15:55:45,774 [INFO] in scala-execution-context-global-44 - [[37minfo[0m] c.j.i.c.m.ChartJSONImExporter - Imported chart data Sat Sep 21 15:55:45 MST 2019
2019-09-21 15:55:46,015 [INFO] in scala-execution-context-global-44 - [[37minfo[0m] play.api.Play - Application started (Prod)
2019-09-21 15:55:46,610 [INFO] in scala-execution-context-global-44 - [[37minfo[0m] p.c.s.AkkaHttpServer - Listening for HTTP on /0:0:0:0:0:0:0:0:8080
2019-09-21 15:55:47,535 [INFO] in scala-execution-context-global-44 - [[37minfo[0m] c.jpro - application requested: 0!default
2019-09-21 15:55:47,547 [INFO] in scala-execution-context-global-44 - [[37minfo[0m] c.jpro - Creating Application: 0!default
2019-09-21 15:55:47,550 [INFO] in scala-execution-context-global-44 - [[37minfo[0m] c.jpro - remoteAddress 0:0:0:0:0:0:0:1
2019-09-21 15:55:47,551 [INFO] in scala-execution-context-global-44 - [[37minfo[0m] c.jpro - host          localhost:8080
2019-09-21 15:55:47,551 [INFO] in scala-execution-context-global-44 - [[37minfo[0m] c.jpro - uri           /app/0!default
2019-09-21 15:55:48,704 [INFO] in scala-execution-context-global-44 - [[37minfo[0m] c.j.i.s.ViewSerializerActor - appdef: AppByMain(default,view.Spike1View,None,NamedClassLoader(system),false) clientinfo: ClientInfo(http://localhost:8080/,http://localhost:8080/app/default,1422.0,686.0,false,en-US,List(en-US, en),Map(Webstorm-ceec828d -> a1caae6d-77c6-4339-b1de-ea06d79455b1, _ga -> GA1.1.297596926.1564974935))out: Actor[akka://application/system/StreamSupervisor-0/flow-6-2-actorRefSource#377604289]
2019-09-21 15:55:49,219 [INFO] in scala-execution-context-global-44 - [[37minfo[0m] com.jpro.JS - received msg: new MainID: 1663 userid: 801141083
2019-09-21 15:55:59,552 [INFO] in scala-execution-context-global-44 - [[37minfo[0m] c.j.i.s.ViewInfo$ - 
2019-09-21 15:55:59,552 [INFO] in scala-execution-context-global-44 - [[37minfo[0m] c.j.i.s.ViewInfo$ - Application closed:
2019-09-21 15:55:59,553 [INFO] in scala-execution-context-global-42 - [[37minfo[0m] c.j.i.s.ViewInfo$ - startTime      : Sat Sep 21 15:55:59 MST 2019      
2019-09-21 15:55:59,553 [INFO] in scala-execution-context-global-42 - [[37minfo[0m] c.j.i.s.ViewInfo$ - averageLatency : 00:00:00.018 
2019-09-21 15:55:59,553 [INFO] in scala-execution-context-global-42 - [[37minfo[0m] c.j.i.s.ViewInfo$ - averageJitter  : 00:00:00.000  
2019-09-21 15:55:59,554 [INFO] in scala-execution-context-global-43 - [[37minfo[0m] c.j.i.s.ViewInfo$ - framerateServer: 00:00:00.000
2019-09-21 15:55:59,557 [INFO] in scala-execution-context-global-43 - [[37minfo[0m] c.j.i.s.ViewInfo$ - framerateClient: 00:00:00.000
2019-09-21 15:55:59,557 [INFO] in scala-execution-context-global-43 - [[37minfo[0m] c.j.i.s.ViewInfo$ - raw            : 110745
2019-09-21 15:55:59,558 [INFO] in scala-execution-context-global-43 - [[37minfo[0m] c.j.i.s.ViewInfo$ - zipped         : 23114
2019-09-21 15:55:59,558 [INFO] in scala-execution-context-global-43 - [[37minfo[0m] c.j.i.s.ViewInfo$ - 
2019-09-21 15:56:08,405 [INFO] in scala-execution-context-global-30 - [[37minfo[0m] c.j.i.c.InstanceImpl - closing window!
2019-09-21 16:10:27,168 [INFO] in scala-execution-context-global-30 - [[37minfo[0m] c.j.i.s.Initializer$ - redirected OUT / ERR
2019-09-21 16:10:27,170 [INFO] in scala-execution-context-global-30 - [[37minfo[0m] c.j.i.s.Initializer$ - installed SLF4JBridge
2019-09-21 16:10:27,171 [INFO] in scala-execution-context-global-30 - [[37minfo[0m] c.j.i.s.MonocleInitializer$ - screen: null
2019-09-21 16:10:27,171 [INFO] in scala-execution-context-global-30 - Warning: Quantum will not submit render jobs, nothing should draw
2019-09-21 16:10:27,171 [INFO] in scala-execution-context-global-30 - [[37minfo[0m] c.j.i.s.Initializer$ - finished init!
2019-09-21 16:10:27,185 [INFO] in scala-execution-context-global-30 - [[37minfo[0m] c.j.i.s.Initializer$ - JavaFX version: 8.0.211-b10
2019-09-21 16:10:27,213 [INFO] in scala-execution-context-global-30 - [[37minfo[0m] c.j.i.c.m.DynamicDataModel - Started Monitoring chart data...
2019-09-21 16:10:27,433 [INFO] in scala-execution-context-global-30 - [[37minfo[0m] c.j.i.c.m.ChartJSONImExporter - Imported chart data Sat Sep 21 16:10:27 MST 2019
2019-09-21 16:10:27,641 [INFO] in scala-execution-context-global-30 - [[37minfo[0m] play.api.Play - Application started (Prod)
2019-09-21 16:10:28,183 [INFO] in scala-execution-context-global-30 - [[37minfo[0m] p.c.s.AkkaHttpServer - Listening for HTTP on /0:0:0:0:0:0:0:0:8080
2019-09-21 16:10:29,105 [INFO] in scala-execution-context-global-30 - [[37minfo[0m] c.jpro - application requested: 0!default
2019-09-21 16:10:29,114 [INFO] in scala-execution-context-global-30 - [[37minfo[0m] c.jpro - Creating Application: 0!default
2019-09-21 16:10:29,118 [INFO] in scala-execution-context-global-30 - [[37minfo[0m] c.jpro - remoteAddress 0:0:0:0:0:0:0:1
2019-09-21 16:10:29,118 [INFO] in scala-execution-context-global-30 - [[37minfo[0m] c.jpro - host          localhost:8080
2019-09-21 16:10:29,118 [INFO] in scala-execution-context-global-30 - [[37minfo[0m] c.jpro - uri           /app/0!default
2019-09-21 16:10:30,178 [INFO] in scala-execution-context-global-30 - [[37minfo[0m] c.j.i.s.ViewSerializerActor - appdef: AppByMain(default,view.Spike1View,None,NamedClassLoader(system),false) clientinfo: ClientInfo(http://localhost:8080/,http://localhost:8080/app/default,1422.0,686.0,false,en-US,List(en-US, en),Map(Webstorm-ceec828d -> a1caae6d-77c6-4339-b1de-ea06d79455b1, _ga -> GA1.1.297596926.1564974935))out: Actor[akka://application/system/StreamSupervisor-0/flow-6-2-actorRefSource#765853869]
2019-09-21 16:10:30,617 [INFO] in scala-execution-context-global-30 - [[37minfo[0m] com.jpro.JS - received msg: new MainID: 1663 userid: 1040574007
2019-09-21 16:10:50,920 [INFO] in scala-execution-context-global-30 - [[37minfo[0m] c.j.i.s.ViewInfo$ - 
2019-09-21 16:10:50,921 [INFO] in scala-execution-context-global-30 - [[37minfo[0m] c.j.i.s.ViewInfo$ - Application closed:
2019-09-21 16:10:50,921 [INFO] in scala-execution-context-global-30 - [[37minfo[0m] c.j.i.s.ViewInfo$ - startTime      : Sat Sep 21 16:10:50 MST 2019      
2019-09-21 16:10:50,921 [INFO] in scala-execution-context-global-30 - [[37minfo[0m] c.j.i.s.ViewInfo$ - averageLatency : 00:00:00.019 
2019-09-21 16:10:50,922 [INFO] in scala-execution-context-global-42 - [[37minfo[0m] c.j.i.s.ViewInfo$ - averageJitter  : 00:00:00.001  
2019-09-21 16:10:50,922 [INFO] in scala-execution-context-global-42 - [[37minfo[0m] c.j.i.s.ViewInfo$ - framerateServer: 00:00:00.000
2019-09-21 16:10:50,923 [INFO] in scala-execution-context-global-42 - [[37minfo[0m] c.j.i.s.ViewInfo$ - framerateClient: 00:00:00.000
2019-09-21 16:10:50,923 [INFO] in scala-execution-context-global-42 - [[37minfo[0m] c.j.i.s.ViewInfo$ - raw            : 155818
2019-09-21 16:10:50,924 [INFO] in scala-execution-context-global-42 - [[37minfo[0m] c.j.i.s.ViewInfo$ - zipped         : 35547
2019-09-21 16:10:50,924 [INFO] in scala-execution-context-global-42 - [[37minfo[0m] c.j.i.s.ViewInfo$ - 
2019-09-23 18:08:34,924 [INFO] in scala-execution-context-global-30 - [[37minfo[0m] c.j.i.s.Initializer$ - redirected OUT / ERR
2019-09-23 18:08:34,925 [INFO] in scala-execution-context-global-30 - [[37minfo[0m] c.j.i.s.Initializer$ - installed SLF4JBridge
2019-09-23 18:08:34,925 [INFO] in scala-execution-context-global-30 - [[37minfo[0m] c.j.i.s.MonocleInitializer$ - screen: null
2019-09-23 18:08:34,925 [INFO] in scala-execution-context-global-30 - Warning: Quantum will not submit render jobs, nothing should draw
2019-09-23 18:08:34,925 [INFO] in scala-execution-context-global-30 - [[37minfo[0m] c.j.i.s.Initializer$ - finished init!
2019-09-23 18:08:34,944 [INFO] in scala-execution-context-global-30 - [[37minfo[0m] c.j.i.s.Initializer$ - JavaFX version: 8.0.211-b10
2019-09-23 18:08:34,969 [INFO] in scala-execution-context-global-30 - [[37minfo[0m] c.j.i.c.m.DynamicDataModel - Started Monitoring chart data...
2019-09-23 18:08:35,176 [INFO] in scala-execution-context-global-30 - [[37minfo[0m] c.j.i.c.m.ChartJSONImExporter - Imported chart data Mon Sep 23 18:08:34 MST 2019
2019-09-23 18:08:35,382 [INFO] in scala-execution-context-global-30 - [[37minfo[0m] play.api.Play - Application started (Prod)
2019-09-23 18:08:35,915 [INFO] in scala-execution-context-global-30 - [[37minfo[0m] p.c.s.AkkaHttpServer - Listening for HTTP on /0:0:0:0:0:0:0:0:8080
2019-09-23 18:08:37,408 [INFO] in scala-execution-context-global-30 - [[37minfo[0m] c.jpro - application requested: 0!default
2019-09-23 18:08:37,419 [INFO] in scala-execution-context-global-30 - [[37minfo[0m] c.jpro - Creating Application: 0!default
2019-09-23 18:08:37,422 [INFO] in scala-execution-context-global-30 - [[37minfo[0m] c.jpro - remoteAddress 0:0:0:0:0:0:0:1
2019-09-23 18:08:37,422 [INFO] in scala-execution-context-global-30 - [[37minfo[0m] c.jpro - host          localhost:8080
2019-09-23 18:08:37,422 [INFO] in scala-execution-context-global-30 - [[37minfo[0m] c.jpro - uri           /app/0!default
2019-09-23 18:08:38,449 [INFO] in scala-execution-context-global-30 - [[37minfo[0m] c.j.i.s.ViewSerializerActor - appdef: AppByMain(default,view.Spike1View,None,NamedClassLoader(system),false) clientinfo: ClientInfo(http://localhost:8080/,http://localhost:8080/app/default,1422.0,686.0,false,en-US,List(en-US, en),Map(Webstorm-ceec828d -> a1caae6d-77c6-4339-b1de-ea06d79455b1, _ga -> GA1.1.297596926.1564974935))out: Actor[akka://application/system/StreamSupervisor-0/flow-6-2-actorRefSource#-1520428507]
2019-09-23 18:08:38,870 [INFO] in scala-execution-context-global-30 - [[37minfo[0m] com.jpro.JS - received msg: new MainID: 1663 userid: 1236928576
2019-09-23 18:08:50,492 [INFO] in scala-execution-context-global-30 - [[37minfo[0m] c.j.i.s.ViewInfo$ - 
2019-09-23 18:08:50,492 [INFO] in scala-execution-context-global-30 - [[37minfo[0m] c.j.i.s.ViewInfo$ - Application closed:
2019-09-23 18:08:50,493 [INFO] in scala-execution-context-global-30 - [[37minfo[0m] c.j.i.s.ViewInfo$ - startTime      : Mon Sep 23 18:08:50 MST 2019      
2019-09-23 18:08:50,493 [INFO] in scala-execution-context-global-30 - [[37minfo[0m] c.j.i.s.ViewInfo$ - averageLatency : 00:00:00.019 
2019-09-23 18:08:50,493 [INFO] in scala-execution-context-global-30 - [[37minfo[0m] c.j.i.s.ViewInfo$ - averageJitter  : 00:00:00.001  
2019-09-23 18:08:50,493 [INFO] in scala-execution-context-global-30 - [[37minfo[0m] c.j.i.s.ViewInfo$ - framerateServer: 00:00:00.000
2019-09-23 18:08:50,494 [INFO] in scala-execution-context-global-30 - [[37minfo[0m] c.j.i.s.ViewInfo$ - framerateClient: 00:00:00.000
2019-09-23 18:08:50,494 [INFO] in scala-execution-context-global-30 - [[37minfo[0m] c.j.i.s.ViewInfo$ - raw            : 156332
2019-09-23 18:08:50,494 [INFO] in scala-execution-context-global-30 - [[37minfo[0m] c.j.i.s.ViewInfo$ - zipped         : 35844
2019-09-23 18:08:50,494 [INFO] in scala-execution-context-global-30 - [[37minfo[0m] c.j.i.s.ViewInfo$ - 
2019-09-23 18:08:59,710 [INFO] in scala-execution-context-global-42 - [[37minfo[0m] c.j.i.c.InstanceImpl - closing window!
2019-09-23 18:21:54,427 [INFO] in scala-execution-context-global-30 - [[37minfo[0m] c.j.i.s.Initializer$ - redirected OUT / ERR
2019-09-23 18:21:54,428 [INFO] in scala-execution-context-global-30 - [[37minfo[0m] c.j.i.s.Initializer$ - installed SLF4JBridge
2019-09-23 18:21:54,428 [INFO] in scala-execution-context-global-30 - [[37minfo[0m] c.j.i.s.MonocleInitializer$ - screen: null
2019-09-23 18:21:54,428 [INFO] in scala-execution-context-global-30 - Warning: Quantum will not submit render jobs, nothing should draw
2019-09-23 18:21:54,428 [INFO] in scala-execution-context-global-30 - [[37minfo[0m] c.j.i.s.Initializer$ - finished init!
2019-09-23 18:21:54,446 [INFO] in scala-execution-context-global-30 - [[37minfo[0m] c.j.i.s.Initializer$ - JavaFX version: 8.0.211-b10
2019-09-23 18:21:54,473 [INFO] in scala-execution-context-global-30 - [[37minfo[0m] c.j.i.c.m.DynamicDataModel - Started Monitoring chart data...
2019-09-23 18:21:54,669 [INFO] in scala-execution-context-global-30 - [[37minfo[0m] c.j.i.c.m.ChartJSONImExporter - Imported chart data Mon Sep 23 18:21:54 MST 2019
2019-09-23 18:21:54,855 [INFO] in scala-execution-context-global-30 - [[37minfo[0m] play.api.Play - Application started (Prod)
2019-09-23 18:21:55,399 [INFO] in scala-execution-context-global-30 - [[37minfo[0m] p.c.s.AkkaHttpServer - Listening for HTTP on /0:0:0:0:0:0:0:0:8080
2019-09-23 18:21:56,291 [INFO] in scala-execution-context-global-30 - [[37minfo[0m] c.jpro - application requested: 0!default
2019-09-23 18:21:56,301 [INFO] in scala-execution-context-global-30 - [[37minfo[0m] c.jpro - Creating Application: 0!default
2019-09-23 18:21:56,303 [INFO] in scala-execution-context-global-30 - [[37minfo[0m] c.jpro - remoteAddress 0:0:0:0:0:0:0:1
2019-09-23 18:21:56,303 [INFO] in scala-execution-context-global-30 - [[37minfo[0m] c.jpro - host          localhost:8080
2019-09-23 18:21:56,303 [INFO] in scala-execution-context-global-30 - [[37minfo[0m] c.jpro - uri           /app/0!default
2019-09-23 18:21:57,344 [INFO] in scala-execution-context-global-30 - [[37minfo[0m] c.j.i.s.ViewSerializerActor - appdef: AppByMain(default,view.Spike1View,None,NamedClassLoader(system),false) clientinfo: ClientInfo(http://localhost:8080/,http://localhost:8080/app/default,1422.0,770.0,false,en-US,List(en-US, en),Map(Webstorm-ceec828d -> a1caae6d-77c6-4339-b1de-ea06d79455b1, _ga -> GA1.1.297596926.1564974935))out: Actor[akka://application/system/StreamSupervisor-0/flow-6-2-actorRefSource#-47733971]
2019-09-23 18:21:57,792 [INFO] in scala-execution-context-global-30 - [[37minfo[0m] com.jpro.JS - received msg: new MainID: 1663 userid: 666048062
2019-09-23 18:22:19,450 [INFO] in scala-execution-context-global-30 - [[37minfo[0m] c.j.i.s.ViewInfo$ - 
2019-09-23 18:22:19,450 [INFO] in scala-execution-context-global-42 - [[37minfo[0m] c.j.i.s.ViewInfo$ - Application closed:
2019-09-23 18:22:19,451 [INFO] in scala-execution-context-global-42 - [[37minfo[0m] c.j.i.s.ViewInfo$ - startTime      : Mon Sep 23 18:22:19 MST 2019      
2019-09-23 18:22:19,451 [INFO] in scala-execution-context-global-30 - [[37minfo[0m] c.j.i.s.ViewInfo$ - averageLatency : 00:00:00.019 
2019-09-23 18:22:19,451 [INFO] in scala-execution-context-global-30 - [[37minfo[0m] c.j.i.s.ViewInfo$ - averageJitter  : 00:00:00.001  
2019-09-23 18:22:19,451 [INFO] in scala-execution-context-global-30 - [[37minfo[0m] c.j.i.s.ViewInfo$ - framerateServer: 00:00:00.000
2019-09-23 18:22:19,452 [INFO] in scala-execution-context-global-30 - [[37minfo[0m] c.j.i.s.ViewInfo$ - framerateClient: 00:00:00.000
2019-09-23 18:22:19,452 [INFO] in scala-execution-context-global-30 - [[37minfo[0m] c.j.i.s.ViewInfo$ - raw            : 175308
2019-09-23 18:22:19,452 [INFO] in scala-execution-context-global-30 - [[37minfo[0m] c.j.i.s.ViewInfo$ - zipped         : 41348
2019-09-23 18:22:19,452 [INFO] in scala-execution-context-global-30 - [[37minfo[0m] c.j.i.s.ViewInfo$ - 
2019-09-23 18:22:32,006 [INFO] in scala-execution-context-global-30 - [[37minfo[0m] c.j.i.c.InstanceImpl - closing window!
2019-09-23 18:30:27,885 [INFO] in scala-execution-context-global-30 - [[37minfo[0m] c.j.i.s.Initializer$ - redirected OUT / ERR
2019-09-23 18:30:27,886 [INFO] in scala-execution-context-global-30 - [[37minfo[0m] c.j.i.s.Initializer$ - installed SLF4JBridge
2019-09-23 18:30:27,886 [INFO] in scala-execution-context-global-30 - [[37minfo[0m] c.j.i.s.MonocleInitializer$ - screen: null
2019-09-23 18:30:27,886 [INFO] in scala-execution-context-global-30 - Warning: Quantum will not submit render jobs, nothing should draw
2019-09-23 18:30:27,886 [INFO] in scala-execution-context-global-30 - [[37minfo[0m] c.j.i.s.Initializer$ - finished init!
2019-09-23 18:30:27,906 [INFO] in scala-execution-context-global-30 - [[37minfo[0m] c.j.i.s.Initializer$ - JavaFX version: 8.0.211-b10
2019-09-23 18:30:27,933 [INFO] in scala-execution-context-global-30 - [[37minfo[0m] c.j.i.c.m.DynamicDataModel - Started Monitoring chart data...
2019-09-23 18:30:28,126 [INFO] in scala-execution-context-global-30 - [[37minfo[0m] c.j.i.c.m.ChartJSONImExporter - Imported chart data Mon Sep 23 18:30:27 MST 2019
2019-09-23 18:30:28,308 [INFO] in scala-execution-context-global-30 - [[37minfo[0m] play.api.Play - Application started (Prod)
2019-09-23 18:30:28,836 [INFO] in scala-execution-context-global-30 - [[37minfo[0m] p.c.s.AkkaHttpServer - Listening for HTTP on /0:0:0:0:0:0:0:0:8080
2019-09-23 18:30:29,756 [INFO] in scala-execution-context-global-30 - [[37minfo[0m] c.jpro - application requested: 0!default
2019-09-23 18:30:29,766 [INFO] in scala-execution-context-global-30 - [[37minfo[0m] c.jpro - Creating Application: 0!default
2019-09-23 18:30:29,768 [INFO] in scala-execution-context-global-30 - [[37minfo[0m] c.jpro - remoteAddress 0:0:0:0:0:0:0:1
2019-09-23 18:30:29,769 [INFO] in scala-execution-context-global-30 - [[37minfo[0m] c.jpro - host          localhost:8080
2019-09-23 18:30:29,769 [INFO] in scala-execution-context-global-30 - [[37minfo[0m] c.jpro - uri           /app/0!default
2019-09-23 18:30:30,816 [INFO] in scala-execution-context-global-30 - [[37minfo[0m] c.j.i.s.ViewSerializerActor - appdef: AppByMain(default,view.Spike1View,None,NamedClassLoader(system),false) clientinfo: ClientInfo(http://localhost:8080/,http://localhost:8080/app/default,1422.0,770.0,false,en-US,List(en-US, en),Map(Webstorm-ceec828d -> a1caae6d-77c6-4339-b1de-ea06d79455b1, _ga -> GA1.1.297596926.1564974935))out: Actor[akka://application/system/StreamSupervisor-0/flow-6-2-actorRefSource#-1353454589]
2019-09-23 18:30:31,246 [INFO] in scala-execution-context-global-30 - [[37minfo[0m] com.jpro.JS - received msg: new MainID: 1663 userid: 337273712
2019-09-23 18:30:37,687 [INFO] in scala-execution-context-global-30 - [[37minfo[0m] c.j.i.s.ViewInfo$ - 
2019-09-23 18:30:37,687 [INFO] in scala-execution-context-global-30 - [[37minfo[0m] c.j.i.s.ViewInfo$ - Application closed:
2019-09-23 18:30:37,687 [INFO] in scala-execution-context-global-30 - [[37minfo[0m] c.j.i.s.ViewInfo$ - startTime      : Mon Sep 23 18:30:37 MST 2019      
2019-09-23 18:30:37,687 [INFO] in scala-execution-context-global-30 - [[37minfo[0m] c.j.i.s.ViewInfo$ - averageLatency : 00:00:00.019 
2019-09-23 18:30:37,687 [INFO] in scala-execution-context-global-30 - [[37minfo[0m] c.j.i.s.ViewInfo$ - averageJitter  : 00:00:00.001  
2019-09-23 18:30:37,688 [INFO] in scala-execution-context-global-30 - [[37minfo[0m] c.j.i.s.ViewInfo$ - framerateServer: 00:00:00.000
2019-09-23 18:30:37,689 [INFO] in scala-execution-context-global-30 - [[37minfo[0m] c.j.i.s.ViewInfo$ - framerateClient: 00:00:00.000
2019-09-23 18:30:37,689 [INFO] in scala-execution-context-global-30 - [[37minfo[0m] c.j.i.s.ViewInfo$ - raw            : 111244
2019-09-23 18:30:37,689 [INFO] in scala-execution-context-global-30 - [[37minfo[0m] c.j.i.s.ViewInfo$ - zipped         : 23669
2019-09-23 18:30:37,689 [INFO] in scala-execution-context-global-30 - [[37minfo[0m] c.j.i.s.ViewInfo$ - 
